The target system is: Linux -  - aarch64
The host system is: Linux - 5.15.167.4-microsoft-standard-WSL2 - x86_64
Compiling the C compiler identification source file "CMakeCCompilerId.c" succeeded.
Compiler: /opt/weintek-sdk/dunfell-20250307-git/sysroots/x86_64-weintek-linux/usr/bin/aarch64-weintek-linux/aarch64-weintek-linux-gcc -march=armv8-a+crc;-fstack-protector-strong;-D_FORTIFY_SOURCE=2;-Wformat;-Wformat-security;-Werror=format-security;-Werror=return-type;--sysroot=/opt/weintek-sdk/dunfell-20250307-git/sysroots/aarch64-weintek-linux
Build flags: ;-O2;-pipe;-g;-feliminate-unused-debug-types;;-Werror=return-type;
Id flags:  

The output was:
0


Compilation of the C compiler identification source "CMakeCCompilerId.c" produced "a.out"

The C compiler identification is GNU, found in "/home/davidgu/arima_cpp_demo/arm64/build_aarch64/CMakeFiles/3.22.3/CompilerIdC/a.out"

Compiling the CXX compiler identification source file "CMakeCXXCompilerId.cpp" succeeded.
Compiler: /opt/weintek-sdk/dunfell-20250307-git/sysroots/x86_64-weintek-linux/usr/bin/aarch64-weintek-linux/aarch64-weintek-linux-g++ -march=armv8-a+crc;-fstack-protector-strong;-D_FORTIFY_SOURCE=2;-Wformat;-Wformat-security;-Werror=format-security;-Werror=return-type;--sysroot=/opt/weintek-sdk/dunfell-20250307-git/sysroots/aarch64-weintek-linux
Build flags: ;-O2;-pipe;-g;-feliminate-unused-debug-types;;-Werror=return-type;
Id flags:  

The output was:
0


Compilation of the CXX compiler identification source "CMakeCXXCompilerId.cpp" produced "a.out"

The CXX compiler identification is GNU, found in "/home/davidgu/arima_cpp_demo/arm64/build_aarch64/CMakeFiles/3.22.3/CompilerIdCXX/a.out"

Detecting C compiler ABI info compiled with the following output:
Change Dir: /home/davidgu/arima_cpp_demo/arm64/build_aarch64/CMakeFiles/CMakeTmp

Run Build Command(s):/usr/bin/gmake -f Makefile cmTC_6bfcc/fast && /usr/bin/gmake  -f CMakeFiles/cmTC_6bfcc.dir/build.make CMakeFiles/cmTC_6bfcc.dir/build
gmake[1]: Entering directory '/home/davidgu/arima_cpp_demo/arm64/build_aarch64/CMakeFiles/CMakeTmp'
Building C object CMakeFiles/cmTC_6bfcc.dir/CMakeCCompilerABI.c.o
/opt/weintek-sdk/dunfell-20250307-git/sysroots/x86_64-weintek-linux/usr/bin/aarch64-weintek-linux/aarch64-weintek-linux-gcc   -march=armv8-a+crc -fstack-protector-strong  -D_FORTIFY_SOURCE=2 -Wformat -Wformat-security -Werror=format-security  -Werror=return-type   --sysroot=/opt/weintek-sdk/dunfell-20250307-git/sysroots/aarch64-weintek-linux --sysroot=/opt/weintek-sdk/dunfell-20250307-git/sysroots/aarch64-weintek-linux   -O2 -pipe -g -feliminate-unused-debug-types      -v -o CMakeFiles/cmTC_6bfcc.dir/CMakeCCompilerABI.c.o -c /opt/weintek-sdk/dunfell-20250307-git/sysroots/x86_64-weintek-linux/usr/share/cmake-3.22/Modules/CMakeCCompilerABI.c
Using built-in specs.
COLLECT_GCC=/opt/weintek-sdk/dunfell-20250307-git/sysroots/x86_64-weintek-linux/usr/bin/aarch64-weintek-linux/aarch64-weintek-linux-gcc
Target: aarch64-weintek-linux
Configured with: ../../../../../../work-shared/gcc-9.3.0-r0/gcc-9.3.0/configure --build=x86_64-linux --host=x86_64-weintek-linux --target=aarch64-weintek-linux --prefix=/usr/local/oe-sdk-hardcoded-buildpath/sysroots/x86_64-weintek-linux/usr --exec_prefix=/usr/local/oe-sdk-hardcoded-buildpath/sysroots/x86_64-weintek-linux/usr --bindir=/usr/local/oe-sdk-hardcoded-buildpath/sysroots/x86_64-weintek-linux/usr/bin/aarch64-weintek-linux --sbindir=/usr/local/oe-sdk-hardcoded-buildpath/sysroots/x86_64-weintek-linux/usr/bin/aarch64-weintek-linux --libexecdir=/usr/local/oe-sdk-hardcoded-buildpath/sysroots/x86_64-weintek-linux/usr/libexec/aarch64-weintek-linux --datadir=/usr/local/oe-sdk-hardcoded-buildpath/sysroots/x86_64-weintek-linux/usr/share --sysconfdir=/usr/local/oe-sdk-hardcoded-buildpath/sysroots/x86_64-weintek-linux/etc --sharedstatedir=/usr/local/oe-sdk-hardcoded-buildpath/sysroots/x86_64-weintek-linux/com --localstatedir=/usr/local/oe-sdk-hardcoded-buildpath/sysroots/x86_64-weintek-linux/var --libdir=/usr/local/oe-sdk-hardcoded-buildpath/sysroots/x86_64-weintek-linux/usr/lib/aarch64-weintek-linux --includedir=/usr/local/oe-sdk-hardcoded-buildpath/sysroots/x86_64-weintek-linux/usr/include --oldincludedir=/usr/local/oe-sdk-hardcoded-buildpath/sysroots/x86_64-weintek-linux/usr/include --infodir=/usr/local/oe-sdk-hardcoded-buildpath/sysroots/x86_64-weintek-linux/usr/share/info --mandir=/usr/local/oe-sdk-hardcoded-buildpath/sysroots/x86_64-weintek-linux/usr/share/man --disable-silent-rules --disable-dependency-tracking --with-libtool-sysroot=/Workspace/Yocto/yocto-dunfell-23.0.11/qemuarm64-clang16/tmp/work/x86_64-nativesdk-weintek-linux/gcc-cross-canadian-aarch64/9.3.0-r0/recipe-sysroot --with-gnu-ld --enable-shared --enable-languages=c,c++ --enable-threads=posix --enable-multilib --enable-default-pie --enable-c99 --enable-long-long --enable-symvers=gnu --enable-libstdcxx-pch --program-prefix=aarch64-weintek-linux- --without-local-prefix --disable-install-libiberty --enable-lto --disable-libssp --enable-libitm --disable-bootstrap --disable-libmudflap --with-system-zlib --with-linker-hash-style=gnu --enable-linker-build-id --with-ppl=no --with-cloog=no --enable-checking=release --enable-cheaders=c_global --without-isl --with-gxx-include-dir=/not/exist/usr/include/c++/9.3.0 --with-build-time-tools=/Workspace/Yocto/yocto-dunfell-23.0.11/qemuarm64-clang16/tmp/work/x86_64-nativesdk-weintek-linux/gcc-cross-canadian-aarch64/9.3.0-r0/recipe-sysroot-native/usr/aarch64-weintek-linux/bin --with-sysroot=/not/exist --with-build-sysroot=/Workspace/Yocto/yocto-dunfell-23.0.11/qemuarm64-clang16/tmp/work/x86_64-nativesdk-weintek-linux/gcc-cross-canadian-aarch64/9.3.0-r0/recipe-sysroot --enable-poison-system-directories --disable-static --enable-nls --with-glibc-version=2.28 --enable-initfini-array --enable-__cxa_atexit
Thread model: posix
gcc version 9.3.0 (GCC) 
COLLECT_GCC_OPTIONS='--sysroot=/opt/weintek-sdk/dunfell-20250307-git/sysroots/aarch64-weintek-linux' '-march=armv8-a+crc' '-fstack-protector-strong' '-D' '_FORTIFY_SOURCE=2' '-Wformat=1' '-Wformat-security' '-Werror=format-security' '-Werror=return-type' '-O2' '-pipe' '-g' '-feliminate-unused-debug-types' '-v' '-o' 'CMakeFiles/cmTC_6bfcc.dir/CMakeCCompilerABI.c.o' '-c' '-mlittle-endian' '-mabi=lp64'
 /opt/weintek-sdk/dunfell-20250307-git/sysroots/x86_64-weintek-linux/usr/libexec/aarch64-weintek-linux/gcc/aarch64-weintek-linux/9.3.0/cc1 -quiet -v -isysroot /opt/weintek-sdk/dunfell-20250307-git/sysroots/aarch64-weintek-linux -D _FORTIFY_SOURCE=2 /opt/weintek-sdk/dunfell-20250307-git/sysroots/x86_64-weintek-linux/usr/share/cmake-3.22/Modules/CMakeCCompilerABI.c -quiet -dumpbase CMakeCCompilerABI.c -march=armv8-a+crc -mlittle-endian -mabi=lp64 -auxbase-strip CMakeFiles/cmTC_6bfcc.dir/CMakeCCompilerABI.c.o -g -O2 -Wformat=1 -Wformat-security -Werror=format-security -Werror=return-type -version -fstack-protector-strong -feliminate-unused-debug-types -o - |
 /opt/weintek-sdk/dunfell-20250307-git/sysroots/x86_64-weintek-linux/usr/libexec/aarch64-weintek-linux/gcc/aarch64-weintek-linux/9.3.0/as -v -EL -march=armv8-a+crc -mabi=lp64 -o CMakeFiles/cmTC_6bfcc.dir/CMakeCCompilerABI.c.o
GNU assembler version 2.34.0 (aarch64-weintek-linux) using BFD version (GNU Binutils) 2.34.0.20200220
GNU C17 (GCC) version 9.3.0 (aarch64-weintek-linux)
	compiled by GNU C version 9.3.0, GMP version 6.2.0, MPFR version 4.0.2, MPC version 1.1.0, isl version none
GGC heuristics: --param ggc-min-expand=100 --param ggc-min-heapsize=131072
ignoring nonexistent directory "/opt/weintek-sdk/dunfell-20250307-git/sysroots/aarch64-weintek-linux/usr/lib/aarch64-weintek-linux/9.3.0/include"
ignoring nonexistent directory "/opt/weintek-sdk/dunfell-20250307-git/sysroots/aarch64-weintek-linux/usr/local/include"
ignoring nonexistent directory "/opt/weintek-sdk/dunfell-20250307-git/sysroots/x86_64-weintek-linux/usr/lib/aarch64-weintek-linux/gcc/aarch64-weintek-linux/9.3.0/../../../../../aarch64-weintek-linux/include"
#include "..." search starts here:
#include <...> search starts here:
 /opt/weintek-sdk/dunfell-20250307-git/sysroots/x86_64-weintek-linux/usr/lib/aarch64-weintek-linux/gcc/aarch64-weintek-linux/9.3.0/include
 /opt/weintek-sdk/dunfell-20250307-git/sysroots/x86_64-weintek-linux/usr/lib/aarch64-weintek-linux/gcc/aarch64-weintek-linux/9.3.0/include-fixed
 /opt/weintek-sdk/dunfell-20250307-git/sysroots/aarch64-weintek-linux/usr/include/
End of search list.
GNU C17 (GCC) version 9.3.0 (aarch64-weintek-linux)
	compiled by GNU C version 9.3.0, GMP version 6.2.0, MPFR version 4.0.2, MPC version 1.1.0, isl version none
GGC heuristics: --param ggc-min-expand=100 --param ggc-min-heapsize=131072
Compiler executable checksum: 0e257a6993775239b7b905c71aad5c33
COMPILER_PATH=/opt/weintek-sdk/dunfell-20250307-git/sysroots/x86_64-weintek-linux/usr/libexec/aarch64-weintek-linux/gcc/aarch64-weintek-linux/9.3.0/:/opt/weintek-sdk/dunfell-20250307-git/sysroots/x86_64-weintek-linux/usr/libexec/aarch64-weintek-linux/gcc/aarch64-weintek-linux/9.3.0/:/opt/weintek-sdk/dunfell-20250307-git/sysroots/x86_64-weintek-linux/usr/libexec/aarch64-weintek-linux/gcc/aarch64-weintek-linux/:/opt/weintek-sdk/dunfell-20250307-git/sysroots/x86_64-weintek-linux/usr/lib/aarch64-weintek-linux/gcc/aarch64-weintek-linux/9.3.0/:/opt/weintek-sdk/dunfell-20250307-git/sysroots/x86_64-weintek-linux/usr/lib/aarch64-weintek-linux/gcc/aarch64-weintek-linux/
LIBRARY_PATH=/opt/weintek-sdk/dunfell-20250307-git/sysroots/x86_64-weintek-linux/usr/lib/aarch64-weintek-linux/gcc/aarch64-weintek-linux/9.3.0/:/opt/weintek-sdk/dunfell-20250307-git/sysroots/aarch64-weintek-linux/lib/:/opt/weintek-sdk/dunfell-20250307-git/sysroots/aarch64-weintek-linux/usr/lib/aarch64-weintek-linux/9.3.0/:/opt/weintek-sdk/dunfell-20250307-git/sysroots/aarch64-weintek-linux/usr/lib/
COLLECT_GCC_OPTIONS='--sysroot=/opt/weintek-sdk/dunfell-20250307-git/sysroots/aarch64-weintek-linux' '-march=armv8-a+crc' '-fstack-protector-strong' '-D' '_FORTIFY_SOURCE=2' '-Wformat=1' '-Wformat-security' '-Werror=format-security' '-Werror=return-type' '-O2' '-pipe' '-g' '-feliminate-unused-debug-types' '-v' '-o' 'CMakeFiles/cmTC_6bfcc.dir/CMakeCCompilerABI.c.o' '-c' '-mlittle-endian' '-mabi=lp64'
Linking C executable cmTC_6bfcc
/opt/weintek-sdk/dunfell-20250307-git/sysroots/x86_64-weintek-linux/usr/bin/cmake -E cmake_link_script CMakeFiles/cmTC_6bfcc.dir/link.txt --verbose=1
/opt/weintek-sdk/dunfell-20250307-git/sysroots/x86_64-weintek-linux/usr/bin/aarch64-weintek-linux/aarch64-weintek-linux-gcc   -march=armv8-a+crc -fstack-protector-strong  -D_FORTIFY_SOURCE=2 -Wformat -Wformat-security -Werror=format-security  -Werror=return-type   --sysroot=/opt/weintek-sdk/dunfell-20250307-git/sysroots/aarch64-weintek-linux --sysroot=/opt/weintek-sdk/dunfell-20250307-git/sysroots/aarch64-weintek-linux  -O2 -pipe -g -feliminate-unused-debug-types    -Wl,-O1 -Wl,--hash-style=gnu -Wl,--as-needed -fstack-protector-strong -Wl,-z,relro,-z,now -v CMakeFiles/cmTC_6bfcc.dir/CMakeCCompilerABI.c.o -o cmTC_6bfcc 
Using built-in specs.
COLLECT_GCC=/opt/weintek-sdk/dunfell-20250307-git/sysroots/x86_64-weintek-linux/usr/bin/aarch64-weintek-linux/aarch64-weintek-linux-gcc
COLLECT_LTO_WRAPPER=/opt/weintek-sdk/dunfell-20250307-git/sysroots/x86_64-weintek-linux/usr/libexec/aarch64-weintek-linux/gcc/aarch64-weintek-linux/9.3.0/lto-wrapper
Target: aarch64-weintek-linux
Configured with: ../../../../../../work-shared/gcc-9.3.0-r0/gcc-9.3.0/configure --build=x86_64-linux --host=x86_64-weintek-linux --target=aarch64-weintek-linux --prefix=/usr/local/oe-sdk-hardcoded-buildpath/sysroots/x86_64-weintek-linux/usr --exec_prefix=/usr/local/oe-sdk-hardcoded-buildpath/sysroots/x86_64-weintek-linux/usr --bindir=/usr/local/oe-sdk-hardcoded-buildpath/sysroots/x86_64-weintek-linux/usr/bin/aarch64-weintek-linux --sbindir=/usr/local/oe-sdk-hardcoded-buildpath/sysroots/x86_64-weintek-linux/usr/bin/aarch64-weintek-linux --libexecdir=/usr/local/oe-sdk-hardcoded-buildpath/sysroots/x86_64-weintek-linux/usr/libexec/aarch64-weintek-linux --datadir=/usr/local/oe-sdk-hardcoded-buildpath/sysroots/x86_64-weintek-linux/usr/share --sysconfdir=/usr/local/oe-sdk-hardcoded-buildpath/sysroots/x86_64-weintek-linux/etc --sharedstatedir=/usr/local/oe-sdk-hardcoded-buildpath/sysroots/x86_64-weintek-linux/com --localstatedir=/usr/local/oe-sdk-hardcoded-buildpath/sysroots/x86_64-weintek-linux/var --libdir=/usr/local/oe-sdk-hardcoded-buildpath/sysroots/x86_64-weintek-linux/usr/lib/aarch64-weintek-linux --includedir=/usr/local/oe-sdk-hardcoded-buildpath/sysroots/x86_64-weintek-linux/usr/include --oldincludedir=/usr/local/oe-sdk-hardcoded-buildpath/sysroots/x86_64-weintek-linux/usr/include --infodir=/usr/local/oe-sdk-hardcoded-buildpath/sysroots/x86_64-weintek-linux/usr/share/info --mandir=/usr/local/oe-sdk-hardcoded-buildpath/sysroots/x86_64-weintek-linux/usr/share/man --disable-silent-rules --disable-dependency-tracking --with-libtool-sysroot=/Workspace/Yocto/yocto-dunfell-23.0.11/qemuarm64-clang16/tmp/work/x86_64-nativesdk-weintek-linux/gcc-cross-canadian-aarch64/9.3.0-r0/recipe-sysroot --with-gnu-ld --enable-shared --enable-languages=c,c++ --enable-threads=posix --enable-multilib --enable-default-pie --enable-c99 --enable-long-long --enable-symvers=gnu --enable-libstdcxx-pch --program-prefix=aarch64-weintek-linux- --without-local-prefix --disable-install-libiberty --enable-lto --disable-libssp --enable-libitm --disable-bootstrap --disable-libmudflap --with-system-zlib --with-linker-hash-style=gnu --enable-linker-build-id --with-ppl=no --with-cloog=no --enable-checking=release --enable-cheaders=c_global --without-isl --with-gxx-include-dir=/not/exist/usr/include/c++/9.3.0 --with-build-time-tools=/Workspace/Yocto/yocto-dunfell-23.0.11/qemuarm64-clang16/tmp/work/x86_64-nativesdk-weintek-linux/gcc-cross-canadian-aarch64/9.3.0-r0/recipe-sysroot-native/usr/aarch64-weintek-linux/bin --with-sysroot=/not/exist --with-build-sysroot=/Workspace/Yocto/yocto-dunfell-23.0.11/qemuarm64-clang16/tmp/work/x86_64-nativesdk-weintek-linux/gcc-cross-canadian-aarch64/9.3.0-r0/recipe-sysroot --enable-poison-system-directories --disable-static --enable-nls --with-glibc-version=2.28 --enable-initfini-array --enable-__cxa_atexit
Thread model: posix
gcc version 9.3.0 (GCC) 
COMPILER_PATH=/opt/weintek-sdk/dunfell-20250307-git/sysroots/x86_64-weintek-linux/usr/libexec/aarch64-weintek-linux/gcc/aarch64-weintek-linux/9.3.0/:/opt/weintek-sdk/dunfell-20250307-git/sysroots/x86_64-weintek-linux/usr/libexec/aarch64-weintek-linux/gcc/aarch64-weintek-linux/9.3.0/:/opt/weintek-sdk/dunfell-20250307-git/sysroots/x86_64-weintek-linux/usr/libexec/aarch64-weintek-linux/gcc/aarch64-weintek-linux/:/opt/weintek-sdk/dunfell-20250307-git/sysroots/x86_64-weintek-linux/usr/lib/aarch64-weintek-linux/gcc/aarch64-weintek-linux/9.3.0/:/opt/weintek-sdk/dunfell-20250307-git/sysroots/x86_64-weintek-linux/usr/lib/aarch64-weintek-linux/gcc/aarch64-weintek-linux/
LIBRARY_PATH=/opt/weintek-sdk/dunfell-20250307-git/sysroots/x86_64-weintek-linux/usr/lib/aarch64-weintek-linux/gcc/aarch64-weintek-linux/9.3.0/:/opt/weintek-sdk/dunfell-20250307-git/sysroots/aarch64-weintek-linux/lib/:/opt/weintek-sdk/dunfell-20250307-git/sysroots/aarch64-weintek-linux/usr/lib/aarch64-weintek-linux/9.3.0/:/opt/weintek-sdk/dunfell-20250307-git/sysroots/aarch64-weintek-linux/usr/lib/
COLLECT_GCC_OPTIONS='--sysroot=/opt/weintek-sdk/dunfell-20250307-git/sysroots/aarch64-weintek-linux' '-march=armv8-a+crc' '-fstack-protector-strong' '-D' '_FORTIFY_SOURCE=2' '-Wformat=1' '-Wformat-security' '-Werror=format-security' '-Werror=return-type' '-O2' '-pipe' '-g' '-feliminate-unused-debug-types' '-fstack-protector-strong' '-v' '-o' 'cmTC_6bfcc' '-mlittle-endian' '-mabi=lp64'
 /opt/weintek-sdk/dunfell-20250307-git/sysroots/x86_64-weintek-linux/usr/libexec/aarch64-weintek-linux/gcc/aarch64-weintek-linux/9.3.0/collect2 -plugin /opt/weintek-sdk/dunfell-20250307-git/sysroots/x86_64-weintek-linux/usr/libexec/aarch64-weintek-linux/gcc/aarch64-weintek-linux/9.3.0/liblto_plugin.so -plugin-opt=/opt/weintek-sdk/dunfell-20250307-git/sysroots/x86_64-weintek-linux/usr/libexec/aarch64-weintek-linux/gcc/aarch64-weintek-linux/9.3.0/lto-wrapper -plugin-opt=-fresolution=/tmp/ccAno8I7.res -plugin-opt=-pass-through=-lgcc -plugin-opt=-pass-through=-lgcc_s -plugin-opt=-pass-through=-lc -plugin-opt=-pass-through=-lgcc -plugin-opt=-pass-through=-lgcc_s --sysroot=/opt/weintek-sdk/dunfell-20250307-git/sysroots/aarch64-weintek-linux --build-id --eh-frame-hdr --hash-style=gnu -dynamic-linker /lib/ld-linux-aarch64.so.1 -X -EL -maarch64linux -pie -o cmTC_6bfcc /opt/weintek-sdk/dunfell-20250307-git/sysroots/aarch64-weintek-linux/usr/lib/Scrt1.o /opt/weintek-sdk/dunfell-20250307-git/sysroots/aarch64-weintek-linux/usr/lib/crti.o /opt/weintek-sdk/dunfell-20250307-git/sysroots/aarch64-weintek-linux/usr/lib/aarch64-weintek-linux/9.3.0/crtbeginS.o -L/opt/weintek-sdk/dunfell-20250307-git/sysroots/x86_64-weintek-linux/usr/lib/aarch64-weintek-linux/gcc/aarch64-weintek-linux/9.3.0 -L/opt/weintek-sdk/dunfell-20250307-git/sysroots/aarch64-weintek-linux/lib -L/opt/weintek-sdk/dunfell-20250307-git/sysroots/aarch64-weintek-linux/usr/lib/aarch64-weintek-linux/9.3.0 -L/opt/weintek-sdk/dunfell-20250307-git/sysroots/aarch64-weintek-linux/usr/lib -O1 --hash-style=gnu --as-needed -z relro -z now CMakeFiles/cmTC_6bfcc.dir/CMakeCCompilerABI.c.o -lgcc --push-state --as-needed -lgcc_s --pop-state -lc -lgcc --push-state --as-needed -lgcc_s --pop-state /opt/weintek-sdk/dunfell-20250307-git/sysroots/aarch64-weintek-linux/usr/lib/aarch64-weintek-linux/9.3.0/crtendS.o /opt/weintek-sdk/dunfell-20250307-git/sysroots/aarch64-weintek-linux/usr/lib/crtn.o
COLLECT_GCC_OPTIONS='--sysroot=/opt/weintek-sdk/dunfell-20250307-git/sysroots/aarch64-weintek-linux' '-march=armv8-a+crc' '-fstack-protector-strong' '-D' '_FORTIFY_SOURCE=2' '-Wformat=1' '-Wformat-security' '-Werror=format-security' '-Werror=return-type' '-O2' '-pipe' '-g' '-feliminate-unused-debug-types' '-fstack-protector-strong' '-v' '-o' 'cmTC_6bfcc' '-mlittle-endian' '-mabi=lp64'
gmake[1]: Leaving directory '/home/davidgu/arima_cpp_demo/arm64/build_aarch64/CMakeFiles/CMakeTmp'



Parsed C implicit include dir info from above output: rv=done
  found start of include info
  found start of implicit include info
    add: [/opt/weintek-sdk/dunfell-20250307-git/sysroots/x86_64-weintek-linux/usr/lib/aarch64-weintek-linux/gcc/aarch64-weintek-linux/9.3.0/include]
    add: [/opt/weintek-sdk/dunfell-20250307-git/sysroots/x86_64-weintek-linux/usr/lib/aarch64-weintek-linux/gcc/aarch64-weintek-linux/9.3.0/include-fixed]
    add: [/opt/weintek-sdk/dunfell-20250307-git/sysroots/aarch64-weintek-linux/usr/include/]
  end of search list found
  collapse include dir [/opt/weintek-sdk/dunfell-20250307-git/sysroots/x86_64-weintek-linux/usr/lib/aarch64-weintek-linux/gcc/aarch64-weintek-linux/9.3.0/include] ==> [/opt/weintek-sdk/dunfell-20250307-git/sysroots/x86_64-weintek-linux/usr/lib/aarch64-weintek-linux/gcc/aarch64-weintek-linux/9.3.0/include]
  collapse include dir [/opt/weintek-sdk/dunfell-20250307-git/sysroots/x86_64-weintek-linux/usr/lib/aarch64-weintek-linux/gcc/aarch64-weintek-linux/9.3.0/include-fixed] ==> [/opt/weintek-sdk/dunfell-20250307-git/sysroots/x86_64-weintek-linux/usr/lib/aarch64-weintek-linux/gcc/aarch64-weintek-linux/9.3.0/include-fixed]
  collapse include dir [/opt/weintek-sdk/dunfell-20250307-git/sysroots/aarch64-weintek-linux/usr/include/] ==> [/opt/weintek-sdk/dunfell-20250307-git/sysroots/aarch64-weintek-linux/usr/include]
  implicit include dirs: [/opt/weintek-sdk/dunfell-20250307-git/sysroots/x86_64-weintek-linux/usr/lib/aarch64-weintek-linux/gcc/aarch64-weintek-linux/9.3.0/include;/opt/weintek-sdk/dunfell-20250307-git/sysroots/x86_64-weintek-linux/usr/lib/aarch64-weintek-linux/gcc/aarch64-weintek-linux/9.3.0/include-fixed;/opt/weintek-sdk/dunfell-20250307-git/sysroots/aarch64-weintek-linux/usr/include]


Parsed C implicit link information from above output:
  link line regex: [^( *|.*[/\])(aarch64-weintek-linux-ld|CMAKE_LINK_STARTFILE-NOTFOUND|([^/\]+-)?ld|collect2)[^/\]*( |$)]
  ignore line: [Change Dir: /home/davidgu/arima_cpp_demo/arm64/build_aarch64/CMakeFiles/CMakeTmp]
  ignore line: []
  ignore line: [Run Build Command(s):/usr/bin/gmake -f Makefile cmTC_6bfcc/fast && /usr/bin/gmake  -f CMakeFiles/cmTC_6bfcc.dir/build.make CMakeFiles/cmTC_6bfcc.dir/build]
  ignore line: [gmake[1]: Entering directory '/home/davidgu/arima_cpp_demo/arm64/build_aarch64/CMakeFiles/CMakeTmp']
  ignore line: [Building C object CMakeFiles/cmTC_6bfcc.dir/CMakeCCompilerABI.c.o]
  ignore line: [/opt/weintek-sdk/dunfell-20250307-git/sysroots/x86_64-weintek-linux/usr/bin/aarch64-weintek-linux/aarch64-weintek-linux-gcc   -march=armv8-a+crc -fstack-protector-strong  -D_FORTIFY_SOURCE=2 -Wformat -Wformat-security -Werror=format-security  -Werror=return-type   --sysroot=/opt/weintek-sdk/dunfell-20250307-git/sysroots/aarch64-weintek-linux --sysroot=/opt/weintek-sdk/dunfell-20250307-git/sysroots/aarch64-weintek-linux   -O2 -pipe -g -feliminate-unused-debug-types      -v -o CMakeFiles/cmTC_6bfcc.dir/CMakeCCompilerABI.c.o -c /opt/weintek-sdk/dunfell-20250307-git/sysroots/x86_64-weintek-linux/usr/share/cmake-3.22/Modules/CMakeCCompilerABI.c]
  ignore line: [Using built-in specs.]
  ignore line: [COLLECT_GCC=/opt/weintek-sdk/dunfell-20250307-git/sysroots/x86_64-weintek-linux/usr/bin/aarch64-weintek-linux/aarch64-weintek-linux-gcc]
  ignore line: [Target: aarch64-weintek-linux]
  ignore line: [Configured with: ../../../../../../work-shared/gcc-9.3.0-r0/gcc-9.3.0/configure --build=x86_64-linux --host=x86_64-weintek-linux --target=aarch64-weintek-linux --prefix=/usr/local/oe-sdk-hardcoded-buildpath/sysroots/x86_64-weintek-linux/usr --exec_prefix=/usr/local/oe-sdk-hardcoded-buildpath/sysroots/x86_64-weintek-linux/usr --bindir=/usr/local/oe-sdk-hardcoded-buildpath/sysroots/x86_64-weintek-linux/usr/bin/aarch64-weintek-linux --sbindir=/usr/local/oe-sdk-hardcoded-buildpath/sysroots/x86_64-weintek-linux/usr/bin/aarch64-weintek-linux --libexecdir=/usr/local/oe-sdk-hardcoded-buildpath/sysroots/x86_64-weintek-linux/usr/libexec/aarch64-weintek-linux --datadir=/usr/local/oe-sdk-hardcoded-buildpath/sysroots/x86_64-weintek-linux/usr/share --sysconfdir=/usr/local/oe-sdk-hardcoded-buildpath/sysroots/x86_64-weintek-linux/etc --sharedstatedir=/usr/local/oe-sdk-hardcoded-buildpath/sysroots/x86_64-weintek-linux/com --localstatedir=/usr/local/oe-sdk-hardcoded-buildpath/sysroots/x86_64-weintek-linux/var --libdir=/usr/local/oe-sdk-hardcoded-buildpath/sysroots/x86_64-weintek-linux/usr/lib/aarch64-weintek-linux --includedir=/usr/local/oe-sdk-hardcoded-buildpath/sysroots/x86_64-weintek-linux/usr/include --oldincludedir=/usr/local/oe-sdk-hardcoded-buildpath/sysroots/x86_64-weintek-linux/usr/include --infodir=/usr/local/oe-sdk-hardcoded-buildpath/sysroots/x86_64-weintek-linux/usr/share/info --mandir=/usr/local/oe-sdk-hardcoded-buildpath/sysroots/x86_64-weintek-linux/usr/share/man --disable-silent-rules --disable-dependency-tracking --with-libtool-sysroot=/Workspace/Yocto/yocto-dunfell-23.0.11/qemuarm64-clang16/tmp/work/x86_64-nativesdk-weintek-linux/gcc-cross-canadian-aarch64/9.3.0-r0/recipe-sysroot --with-gnu-ld --enable-shared --enable-languages=c,c++ --enable-threads=posix --enable-multilib --enable-default-pie --enable-c99 --enable-long-long --enable-symvers=gnu --enable-libstdcxx-pch --program-prefix=aarch64-weintek-linux- --without-local-prefix --disable-install-libiberty --enable-lto --disable-libssp --enable-libitm --disable-bootstrap --disable-libmudflap --with-system-zlib --with-linker-hash-style=gnu --enable-linker-build-id --with-ppl=no --with-cloog=no --enable-checking=release --enable-cheaders=c_global --without-isl --with-gxx-include-dir=/not/exist/usr/include/c++/9.3.0 --with-build-time-tools=/Workspace/Yocto/yocto-dunfell-23.0.11/qemuarm64-clang16/tmp/work/x86_64-nativesdk-weintek-linux/gcc-cross-canadian-aarch64/9.3.0-r0/recipe-sysroot-native/usr/aarch64-weintek-linux/bin --with-sysroot=/not/exist --with-build-sysroot=/Workspace/Yocto/yocto-dunfell-23.0.11/qemuarm64-clang16/tmp/work/x86_64-nativesdk-weintek-linux/gcc-cross-canadian-aarch64/9.3.0-r0/recipe-sysroot --enable-poison-system-directories --disable-static --enable-nls --with-glibc-version=2.28 --enable-initfini-array --enable-__cxa_atexit]
  ignore line: [Thread model: posix]
  ignore line: [gcc version 9.3.0 (GCC) ]
  ignore line: [COLLECT_GCC_OPTIONS='--sysroot=/opt/weintek-sdk/dunfell-20250307-git/sysroots/aarch64-weintek-linux' '-march=armv8-a+crc' '-fstack-protector-strong' '-D' '_FORTIFY_SOURCE=2' '-Wformat=1' '-Wformat-security' '-Werror=format-security' '-Werror=return-type' '-O2' '-pipe' '-g' '-feliminate-unused-debug-types' '-v' '-o' 'CMakeFiles/cmTC_6bfcc.dir/CMakeCCompilerABI.c.o' '-c' '-mlittle-endian' '-mabi=lp64']
  ignore line: [ /opt/weintek-sdk/dunfell-20250307-git/sysroots/x86_64-weintek-linux/usr/libexec/aarch64-weintek-linux/gcc/aarch64-weintek-linux/9.3.0/cc1 -quiet -v -isysroot /opt/weintek-sdk/dunfell-20250307-git/sysroots/aarch64-weintek-linux -D _FORTIFY_SOURCE=2 /opt/weintek-sdk/dunfell-20250307-git/sysroots/x86_64-weintek-linux/usr/share/cmake-3.22/Modules/CMakeCCompilerABI.c -quiet -dumpbase CMakeCCompilerABI.c -march=armv8-a+crc -mlittle-endian -mabi=lp64 -auxbase-strip CMakeFiles/cmTC_6bfcc.dir/CMakeCCompilerABI.c.o -g -O2 -Wformat=1 -Wformat-security -Werror=format-security -Werror=return-type -version -fstack-protector-strong -feliminate-unused-debug-types -o - |]
  ignore line: [ /opt/weintek-sdk/dunfell-20250307-git/sysroots/x86_64-weintek-linux/usr/libexec/aarch64-weintek-linux/gcc/aarch64-weintek-linux/9.3.0/as -v -EL -march=armv8-a+crc -mabi=lp64 -o CMakeFiles/cmTC_6bfcc.dir/CMakeCCompilerABI.c.o]
  ignore line: [GNU assembler version 2.34.0 (aarch64-weintek-linux) using BFD version (GNU Binutils) 2.34.0.20200220]
  ignore line: [GNU C17 (GCC) version 9.3.0 (aarch64-weintek-linux)]
  ignore line: [	compiled by GNU C version 9.3.0  GMP version 6.2.0  MPFR version 4.0.2  MPC version 1.1.0  isl version none]
  ignore line: [GGC heuristics: --param ggc-min-expand=100 --param ggc-min-heapsize=131072]
  ignore line: [ignoring nonexistent directory "/opt/weintek-sdk/dunfell-20250307-git/sysroots/aarch64-weintek-linux/usr/lib/aarch64-weintek-linux/9.3.0/include"]
  ignore line: [ignoring nonexistent directory "/opt/weintek-sdk/dunfell-20250307-git/sysroots/aarch64-weintek-linux/usr/local/include"]
  ignore line: [ignoring nonexistent directory "/opt/weintek-sdk/dunfell-20250307-git/sysroots/x86_64-weintek-linux/usr/lib/aarch64-weintek-linux/gcc/aarch64-weintek-linux/9.3.0/../../../../../aarch64-weintek-linux/include"]
  ignore line: [#include "..." search starts here:]
  ignore line: [#include <...> search starts here:]
  ignore line: [ /opt/weintek-sdk/dunfell-20250307-git/sysroots/x86_64-weintek-linux/usr/lib/aarch64-weintek-linux/gcc/aarch64-weintek-linux/9.3.0/include]
  ignore line: [ /opt/weintek-sdk/dunfell-20250307-git/sysroots/x86_64-weintek-linux/usr/lib/aarch64-weintek-linux/gcc/aarch64-weintek-linux/9.3.0/include-fixed]
  ignore line: [ /opt/weintek-sdk/dunfell-20250307-git/sysroots/aarch64-weintek-linux/usr/include/]
  ignore line: [End of search list.]
  ignore line: [GNU C17 (GCC) version 9.3.0 (aarch64-weintek-linux)]
  ignore line: [	compiled by GNU C version 9.3.0  GMP version 6.2.0  MPFR version 4.0.2  MPC version 1.1.0  isl version none]
  ignore line: [GGC heuristics: --param ggc-min-expand=100 --param ggc-min-heapsize=131072]
  ignore line: [Compiler executable checksum: 0e257a6993775239b7b905c71aad5c33]
  ignore line: [COMPILER_PATH=/opt/weintek-sdk/dunfell-20250307-git/sysroots/x86_64-weintek-linux/usr/libexec/aarch64-weintek-linux/gcc/aarch64-weintek-linux/9.3.0/:/opt/weintek-sdk/dunfell-20250307-git/sysroots/x86_64-weintek-linux/usr/libexec/aarch64-weintek-linux/gcc/aarch64-weintek-linux/9.3.0/:/opt/weintek-sdk/dunfell-20250307-git/sysroots/x86_64-weintek-linux/usr/libexec/aarch64-weintek-linux/gcc/aarch64-weintek-linux/:/opt/weintek-sdk/dunfell-20250307-git/sysroots/x86_64-weintek-linux/usr/lib/aarch64-weintek-linux/gcc/aarch64-weintek-linux/9.3.0/:/opt/weintek-sdk/dunfell-20250307-git/sysroots/x86_64-weintek-linux/usr/lib/aarch64-weintek-linux/gcc/aarch64-weintek-linux/]
  ignore line: [LIBRARY_PATH=/opt/weintek-sdk/dunfell-20250307-git/sysroots/x86_64-weintek-linux/usr/lib/aarch64-weintek-linux/gcc/aarch64-weintek-linux/9.3.0/:/opt/weintek-sdk/dunfell-20250307-git/sysroots/aarch64-weintek-linux/lib/:/opt/weintek-sdk/dunfell-20250307-git/sysroots/aarch64-weintek-linux/usr/lib/aarch64-weintek-linux/9.3.0/:/opt/weintek-sdk/dunfell-20250307-git/sysroots/aarch64-weintek-linux/usr/lib/]
  ignore line: [COLLECT_GCC_OPTIONS='--sysroot=/opt/weintek-sdk/dunfell-20250307-git/sysroots/aarch64-weintek-linux' '-march=armv8-a+crc' '-fstack-protector-strong' '-D' '_FORTIFY_SOURCE=2' '-Wformat=1' '-Wformat-security' '-Werror=format-security' '-Werror=return-type' '-O2' '-pipe' '-g' '-feliminate-unused-debug-types' '-v' '-o' 'CMakeFiles/cmTC_6bfcc.dir/CMakeCCompilerABI.c.o' '-c' '-mlittle-endian' '-mabi=lp64']
  ignore line: [Linking C executable cmTC_6bfcc]
  ignore line: [/opt/weintek-sdk/dunfell-20250307-git/sysroots/x86_64-weintek-linux/usr/bin/cmake -E cmake_link_script CMakeFiles/cmTC_6bfcc.dir/link.txt --verbose=1]
  ignore line: [/opt/weintek-sdk/dunfell-20250307-git/sysroots/x86_64-weintek-linux/usr/bin/aarch64-weintek-linux/aarch64-weintek-linux-gcc   -march=armv8-a+crc -fstack-protector-strong  -D_FORTIFY_SOURCE=2 -Wformat -Wformat-security -Werror=format-security  -Werror=return-type   --sysroot=/opt/weintek-sdk/dunfell-20250307-git/sysroots/aarch64-weintek-linux --sysroot=/opt/weintek-sdk/dunfell-20250307-git/sysroots/aarch64-weintek-linux  -O2 -pipe -g -feliminate-unused-debug-types    -Wl -O1 -Wl --hash-style=gnu -Wl --as-needed -fstack-protector-strong -Wl -z relro -z now -v CMakeFiles/cmTC_6bfcc.dir/CMakeCCompilerABI.c.o -o cmTC_6bfcc ]
  ignore line: [Using built-in specs.]
  ignore line: [COLLECT_GCC=/opt/weintek-sdk/dunfell-20250307-git/sysroots/x86_64-weintek-linux/usr/bin/aarch64-weintek-linux/aarch64-weintek-linux-gcc]
  ignore line: [COLLECT_LTO_WRAPPER=/opt/weintek-sdk/dunfell-20250307-git/sysroots/x86_64-weintek-linux/usr/libexec/aarch64-weintek-linux/gcc/aarch64-weintek-linux/9.3.0/lto-wrapper]
  ignore line: [Target: aarch64-weintek-linux]
  ignore line: [Configured with: ../../../../../../work-shared/gcc-9.3.0-r0/gcc-9.3.0/configure --build=x86_64-linux --host=x86_64-weintek-linux --target=aarch64-weintek-linux --prefix=/usr/local/oe-sdk-hardcoded-buildpath/sysroots/x86_64-weintek-linux/usr --exec_prefix=/usr/local/oe-sdk-hardcoded-buildpath/sysroots/x86_64-weintek-linux/usr --bindir=/usr/local/oe-sdk-hardcoded-buildpath/sysroots/x86_64-weintek-linux/usr/bin/aarch64-weintek-linux --sbindir=/usr/local/oe-sdk-hardcoded-buildpath/sysroots/x86_64-weintek-linux/usr/bin/aarch64-weintek-linux --libexecdir=/usr/local/oe-sdk-hardcoded-buildpath/sysroots/x86_64-weintek-linux/usr/libexec/aarch64-weintek-linux --datadir=/usr/local/oe-sdk-hardcoded-buildpath/sysroots/x86_64-weintek-linux/usr/share --sysconfdir=/usr/local/oe-sdk-hardcoded-buildpath/sysroots/x86_64-weintek-linux/etc --sharedstatedir=/usr/local/oe-sdk-hardcoded-buildpath/sysroots/x86_64-weintek-linux/com --localstatedir=/usr/local/oe-sdk-hardcoded-buildpath/sysroots/x86_64-weintek-linux/var --libdir=/usr/local/oe-sdk-hardcoded-buildpath/sysroots/x86_64-weintek-linux/usr/lib/aarch64-weintek-linux --includedir=/usr/local/oe-sdk-hardcoded-buildpath/sysroots/x86_64-weintek-linux/usr/include --oldincludedir=/usr/local/oe-sdk-hardcoded-buildpath/sysroots/x86_64-weintek-linux/usr/include --infodir=/usr/local/oe-sdk-hardcoded-buildpath/sysroots/x86_64-weintek-linux/usr/share/info --mandir=/usr/local/oe-sdk-hardcoded-buildpath/sysroots/x86_64-weintek-linux/usr/share/man --disable-silent-rules --disable-dependency-tracking --with-libtool-sysroot=/Workspace/Yocto/yocto-dunfell-23.0.11/qemuarm64-clang16/tmp/work/x86_64-nativesdk-weintek-linux/gcc-cross-canadian-aarch64/9.3.0-r0/recipe-sysroot --with-gnu-ld --enable-shared --enable-languages=c,c++ --enable-threads=posix --enable-multilib --enable-default-pie --enable-c99 --enable-long-long --enable-symvers=gnu --enable-libstdcxx-pch --program-prefix=aarch64-weintek-linux- --without-local-prefix --disable-install-libiberty --enable-lto --disable-libssp --enable-libitm --disable-bootstrap --disable-libmudflap --with-system-zlib --with-linker-hash-style=gnu --enable-linker-build-id --with-ppl=no --with-cloog=no --enable-checking=release --enable-cheaders=c_global --without-isl --with-gxx-include-dir=/not/exist/usr/include/c++/9.3.0 --with-build-time-tools=/Workspace/Yocto/yocto-dunfell-23.0.11/qemuarm64-clang16/tmp/work/x86_64-nativesdk-weintek-linux/gcc-cross-canadian-aarch64/9.3.0-r0/recipe-sysroot-native/usr/aarch64-weintek-linux/bin --with-sysroot=/not/exist --with-build-sysroot=/Workspace/Yocto/yocto-dunfell-23.0.11/qemuarm64-clang16/tmp/work/x86_64-nativesdk-weintek-linux/gcc-cross-canadian-aarch64/9.3.0-r0/recipe-sysroot --enable-poison-system-directories --disable-static --enable-nls --with-glibc-version=2.28 --enable-initfini-array --enable-__cxa_atexit]
  ignore line: [Thread model: posix]
  ignore line: [gcc version 9.3.0 (GCC) ]
  ignore line: [COMPILER_PATH=/opt/weintek-sdk/dunfell-20250307-git/sysroots/x86_64-weintek-linux/usr/libexec/aarch64-weintek-linux/gcc/aarch64-weintek-linux/9.3.0/:/opt/weintek-sdk/dunfell-20250307-git/sysroots/x86_64-weintek-linux/usr/libexec/aarch64-weintek-linux/gcc/aarch64-weintek-linux/9.3.0/:/opt/weintek-sdk/dunfell-20250307-git/sysroots/x86_64-weintek-linux/usr/libexec/aarch64-weintek-linux/gcc/aarch64-weintek-linux/:/opt/weintek-sdk/dunfell-20250307-git/sysroots/x86_64-weintek-linux/usr/lib/aarch64-weintek-linux/gcc/aarch64-weintek-linux/9.3.0/:/opt/weintek-sdk/dunfell-20250307-git/sysroots/x86_64-weintek-linux/usr/lib/aarch64-weintek-linux/gcc/aarch64-weintek-linux/]
  ignore line: [LIBRARY_PATH=/opt/weintek-sdk/dunfell-20250307-git/sysroots/x86_64-weintek-linux/usr/lib/aarch64-weintek-linux/gcc/aarch64-weintek-linux/9.3.0/:/opt/weintek-sdk/dunfell-20250307-git/sysroots/aarch64-weintek-linux/lib/:/opt/weintek-sdk/dunfell-20250307-git/sysroots/aarch64-weintek-linux/usr/lib/aarch64-weintek-linux/9.3.0/:/opt/weintek-sdk/dunfell-20250307-git/sysroots/aarch64-weintek-linux/usr/lib/]
  ignore line: [COLLECT_GCC_OPTIONS='--sysroot=/opt/weintek-sdk/dunfell-20250307-git/sysroots/aarch64-weintek-linux' '-march=armv8-a+crc' '-fstack-protector-strong' '-D' '_FORTIFY_SOURCE=2' '-Wformat=1' '-Wformat-security' '-Werror=format-security' '-Werror=return-type' '-O2' '-pipe' '-g' '-feliminate-unused-debug-types' '-fstack-protector-strong' '-v' '-o' 'cmTC_6bfcc' '-mlittle-endian' '-mabi=lp64']
  link line: [ /opt/weintek-sdk/dunfell-20250307-git/sysroots/x86_64-weintek-linux/usr/libexec/aarch64-weintek-linux/gcc/aarch64-weintek-linux/9.3.0/collect2 -plugin /opt/weintek-sdk/dunfell-20250307-git/sysroots/x86_64-weintek-linux/usr/libexec/aarch64-weintek-linux/gcc/aarch64-weintek-linux/9.3.0/liblto_plugin.so -plugin-opt=/opt/weintek-sdk/dunfell-20250307-git/sysroots/x86_64-weintek-linux/usr/libexec/aarch64-weintek-linux/gcc/aarch64-weintek-linux/9.3.0/lto-wrapper -plugin-opt=-fresolution=/tmp/ccAno8I7.res -plugin-opt=-pass-through=-lgcc -plugin-opt=-pass-through=-lgcc_s -plugin-opt=-pass-through=-lc -plugin-opt=-pass-through=-lgcc -plugin-opt=-pass-through=-lgcc_s --sysroot=/opt/weintek-sdk/dunfell-20250307-git/sysroots/aarch64-weintek-linux --build-id --eh-frame-hdr --hash-style=gnu -dynamic-linker /lib/ld-linux-aarch64.so.1 -X -EL -maarch64linux -pie -o cmTC_6bfcc /opt/weintek-sdk/dunfell-20250307-git/sysroots/aarch64-weintek-linux/usr/lib/Scrt1.o /opt/weintek-sdk/dunfell-20250307-git/sysroots/aarch64-weintek-linux/usr/lib/crti.o /opt/weintek-sdk/dunfell-20250307-git/sysroots/aarch64-weintek-linux/usr/lib/aarch64-weintek-linux/9.3.0/crtbeginS.o -L/opt/weintek-sdk/dunfell-20250307-git/sysroots/x86_64-weintek-linux/usr/lib/aarch64-weintek-linux/gcc/aarch64-weintek-linux/9.3.0 -L/opt/weintek-sdk/dunfell-20250307-git/sysroots/aarch64-weintek-linux/lib -L/opt/weintek-sdk/dunfell-20250307-git/sysroots/aarch64-weintek-linux/usr/lib/aarch64-weintek-linux/9.3.0 -L/opt/weintek-sdk/dunfell-20250307-git/sysroots/aarch64-weintek-linux/usr/lib -O1 --hash-style=gnu --as-needed -z relro -z now CMakeFiles/cmTC_6bfcc.dir/CMakeCCompilerABI.c.o -lgcc --push-state --as-needed -lgcc_s --pop-state -lc -lgcc --push-state --as-needed -lgcc_s --pop-state /opt/weintek-sdk/dunfell-20250307-git/sysroots/aarch64-weintek-linux/usr/lib/aarch64-weintek-linux/9.3.0/crtendS.o /opt/weintek-sdk/dunfell-20250307-git/sysroots/aarch64-weintek-linux/usr/lib/crtn.o]
    arg [/opt/weintek-sdk/dunfell-20250307-git/sysroots/x86_64-weintek-linux/usr/libexec/aarch64-weintek-linux/gcc/aarch64-weintek-linux/9.3.0/collect2] ==> ignore
    arg [-plugin] ==> ignore
    arg [/opt/weintek-sdk/dunfell-20250307-git/sysroots/x86_64-weintek-linux/usr/libexec/aarch64-weintek-linux/gcc/aarch64-weintek-linux/9.3.0/liblto_plugin.so] ==> ignore
    arg [-plugin-opt=/opt/weintek-sdk/dunfell-20250307-git/sysroots/x86_64-weintek-linux/usr/libexec/aarch64-weintek-linux/gcc/aarch64-weintek-linux/9.3.0/lto-wrapper] ==> ignore
    arg [-plugin-opt=-fresolution=/tmp/ccAno8I7.res] ==> ignore
    arg [-plugin-opt=-pass-through=-lgcc] ==> ignore
    arg [-plugin-opt=-pass-through=-lgcc_s] ==> ignore
    arg [-plugin-opt=-pass-through=-lc] ==> ignore
    arg [-plugin-opt=-pass-through=-lgcc] ==> ignore
    arg [-plugin-opt=-pass-through=-lgcc_s] ==> ignore
    arg [--sysroot=/opt/weintek-sdk/dunfell-20250307-git/sysroots/aarch64-weintek-linux] ==> ignore
    arg [--build-id] ==> ignore
    arg [--eh-frame-hdr] ==> ignore
    arg [--hash-style=gnu] ==> ignore
    arg [-dynamic-linker] ==> ignore
    arg [/lib/ld-linux-aarch64.so.1] ==> ignore
    arg [-X] ==> ignore
    arg [-EL] ==> ignore
    arg [-maarch64linux] ==> ignore
    arg [-pie] ==> ignore
    arg [-o] ==> ignore
    arg [cmTC_6bfcc] ==> ignore
    arg [/opt/weintek-sdk/dunfell-20250307-git/sysroots/aarch64-weintek-linux/usr/lib/Scrt1.o] ==> obj [/opt/weintek-sdk/dunfell-20250307-git/sysroots/aarch64-weintek-linux/usr/lib/Scrt1.o]
    arg [/opt/weintek-sdk/dunfell-20250307-git/sysroots/aarch64-weintek-linux/usr/lib/crti.o] ==> obj [/opt/weintek-sdk/dunfell-20250307-git/sysroots/aarch64-weintek-linux/usr/lib/crti.o]
    arg [/opt/weintek-sdk/dunfell-20250307-git/sysroots/aarch64-weintek-linux/usr/lib/aarch64-weintek-linux/9.3.0/crtbeginS.o] ==> obj [/opt/weintek-sdk/dunfell-20250307-git/sysroots/aarch64-weintek-linux/usr/lib/aarch64-weintek-linux/9.3.0/crtbeginS.o]
    arg [-L/opt/weintek-sdk/dunfell-20250307-git/sysroots/x86_64-weintek-linux/usr/lib/aarch64-weintek-linux/gcc/aarch64-weintek-linux/9.3.0] ==> dir [/opt/weintek-sdk/dunfell-20250307-git/sysroots/x86_64-weintek-linux/usr/lib/aarch64-weintek-linux/gcc/aarch64-weintek-linux/9.3.0]
    arg [-L/opt/weintek-sdk/dunfell-20250307-git/sysroots/aarch64-weintek-linux/lib] ==> dir [/opt/weintek-sdk/dunfell-20250307-git/sysroots/aarch64-weintek-linux/lib]
    arg [-L/opt/weintek-sdk/dunfell-20250307-git/sysroots/aarch64-weintek-linux/usr/lib/aarch64-weintek-linux/9.3.0] ==> dir [/opt/weintek-sdk/dunfell-20250307-git/sysroots/aarch64-weintek-linux/usr/lib/aarch64-weintek-linux/9.3.0]
    arg [-L/opt/weintek-sdk/dunfell-20250307-git/sysroots/aarch64-weintek-linux/usr/lib] ==> dir [/opt/weintek-sdk/dunfell-20250307-git/sysroots/aarch64-weintek-linux/usr/lib]
    arg [-O1] ==> ignore
    arg [--hash-style=gnu] ==> ignore
    arg [--as-needed] ==> ignore
    arg [-zrelro] ==> ignore
    arg [-znow] ==> ignore
    arg [CMakeFiles/cmTC_6bfcc.dir/CMakeCCompilerABI.c.o] ==> ignore
    arg [-lgcc] ==> lib [gcc]
    arg [--push-state] ==> ignore
    arg [--as-needed] ==> ignore
    arg [-lgcc_s] ==> lib [gcc_s]
    arg [--pop-state] ==> ignore
    arg [-lc] ==> lib [c]
    arg [-lgcc] ==> lib [gcc]
    arg [--push-state] ==> ignore
    arg [--as-needed] ==> ignore
    arg [-lgcc_s] ==> lib [gcc_s]
    arg [--pop-state] ==> ignore
    arg [/opt/weintek-sdk/dunfell-20250307-git/sysroots/aarch64-weintek-linux/usr/lib/aarch64-weintek-linux/9.3.0/crtendS.o] ==> obj [/opt/weintek-sdk/dunfell-20250307-git/sysroots/aarch64-weintek-linux/usr/lib/aarch64-weintek-linux/9.3.0/crtendS.o]
    arg [/opt/weintek-sdk/dunfell-20250307-git/sysroots/aarch64-weintek-linux/usr/lib/crtn.o] ==> obj [/opt/weintek-sdk/dunfell-20250307-git/sysroots/aarch64-weintek-linux/usr/lib/crtn.o]
  collapse library dir [/opt/weintek-sdk/dunfell-20250307-git/sysroots/x86_64-weintek-linux/usr/lib/aarch64-weintek-linux/gcc/aarch64-weintek-linux/9.3.0] ==> [/opt/weintek-sdk/dunfell-20250307-git/sysroots/x86_64-weintek-linux/usr/lib/aarch64-weintek-linux/gcc/aarch64-weintek-linux/9.3.0]
  collapse library dir [/opt/weintek-sdk/dunfell-20250307-git/sysroots/aarch64-weintek-linux/lib] ==> [/opt/weintek-sdk/dunfell-20250307-git/sysroots/aarch64-weintek-linux/lib]
  collapse library dir [/opt/weintek-sdk/dunfell-20250307-git/sysroots/aarch64-weintek-linux/usr/lib/aarch64-weintek-linux/9.3.0] ==> [/opt/weintek-sdk/dunfell-20250307-git/sysroots/aarch64-weintek-linux/usr/lib/aarch64-weintek-linux/9.3.0]
  collapse library dir [/opt/weintek-sdk/dunfell-20250307-git/sysroots/aarch64-weintek-linux/usr/lib] ==> [/opt/weintek-sdk/dunfell-20250307-git/sysroots/aarch64-weintek-linux/usr/lib]
  implicit libs: [gcc;gcc_s;c;gcc;gcc_s]
  implicit objs: [/opt/weintek-sdk/dunfell-20250307-git/sysroots/aarch64-weintek-linux/usr/lib/Scrt1.o;/opt/weintek-sdk/dunfell-20250307-git/sysroots/aarch64-weintek-linux/usr/lib/crti.o;/opt/weintek-sdk/dunfell-20250307-git/sysroots/aarch64-weintek-linux/usr/lib/aarch64-weintek-linux/9.3.0/crtbeginS.o;/opt/weintek-sdk/dunfell-20250307-git/sysroots/aarch64-weintek-linux/usr/lib/aarch64-weintek-linux/9.3.0/crtendS.o;/opt/weintek-sdk/dunfell-20250307-git/sysroots/aarch64-weintek-linux/usr/lib/crtn.o]
  implicit dirs: [/opt/weintek-sdk/dunfell-20250307-git/sysroots/x86_64-weintek-linux/usr/lib/aarch64-weintek-linux/gcc/aarch64-weintek-linux/9.3.0;/opt/weintek-sdk/dunfell-20250307-git/sysroots/aarch64-weintek-linux/lib;/opt/weintek-sdk/dunfell-20250307-git/sysroots/aarch64-weintek-linux/usr/lib/aarch64-weintek-linux/9.3.0;/opt/weintek-sdk/dunfell-20250307-git/sysroots/aarch64-weintek-linux/usr/lib]
  implicit fwks: []


Detecting CXX compiler ABI info compiled with the following output:
Change Dir: /home/davidgu/arima_cpp_demo/arm64/build_aarch64/CMakeFiles/CMakeTmp

Run Build Command(s):/usr/bin/gmake -f Makefile cmTC_678c7/fast && /usr/bin/gmake  -f CMakeFiles/cmTC_678c7.dir/build.make CMakeFiles/cmTC_678c7.dir/build
gmake[1]: Entering directory '/home/davidgu/arima_cpp_demo/arm64/build_aarch64/CMakeFiles/CMakeTmp'
Building CXX object CMakeFiles/cmTC_678c7.dir/CMakeCXXCompilerABI.cpp.o
/opt/weintek-sdk/dunfell-20250307-git/sysroots/x86_64-weintek-linux/usr/bin/aarch64-weintek-linux/aarch64-weintek-linux-g++   -march=armv8-a+crc -fstack-protector-strong  -D_FORTIFY_SOURCE=2 -Wformat -Wformat-security -Werror=format-security  -Werror=return-type   --sysroot=/opt/weintek-sdk/dunfell-20250307-git/sysroots/aarch64-weintek-linux --sysroot=/opt/weintek-sdk/dunfell-20250307-git/sysroots/aarch64-weintek-linux   -O2 -pipe -g -feliminate-unused-debug-types      -v -o CMakeFiles/cmTC_678c7.dir/CMakeCXXCompilerABI.cpp.o -c /opt/weintek-sdk/dunfell-20250307-git/sysroots/x86_64-weintek-linux/usr/share/cmake-3.22/Modules/CMakeCXXCompilerABI.cpp
Using built-in specs.
COLLECT_GCC=/opt/weintek-sdk/dunfell-20250307-git/sysroots/x86_64-weintek-linux/usr/bin/aarch64-weintek-linux/aarch64-weintek-linux-g++
Target: aarch64-weintek-linux
Configured with: ../../../../../../work-shared/gcc-9.3.0-r0/gcc-9.3.0/configure --build=x86_64-linux --host=x86_64-weintek-linux --target=aarch64-weintek-linux --prefix=/usr/local/oe-sdk-hardcoded-buildpath/sysroots/x86_64-weintek-linux/usr --exec_prefix=/usr/local/oe-sdk-hardcoded-buildpath/sysroots/x86_64-weintek-linux/usr --bindir=/usr/local/oe-sdk-hardcoded-buildpath/sysroots/x86_64-weintek-linux/usr/bin/aarch64-weintek-linux --sbindir=/usr/local/oe-sdk-hardcoded-buildpath/sysroots/x86_64-weintek-linux/usr/bin/aarch64-weintek-linux --libexecdir=/usr/local/oe-sdk-hardcoded-buildpath/sysroots/x86_64-weintek-linux/usr/libexec/aarch64-weintek-linux --datadir=/usr/local/oe-sdk-hardcoded-buildpath/sysroots/x86_64-weintek-linux/usr/share --sysconfdir=/usr/local/oe-sdk-hardcoded-buildpath/sysroots/x86_64-weintek-linux/etc --sharedstatedir=/usr/local/oe-sdk-hardcoded-buildpath/sysroots/x86_64-weintek-linux/com --localstatedir=/usr/local/oe-sdk-hardcoded-buildpath/sysroots/x86_64-weintek-linux/var --libdir=/usr/local/oe-sdk-hardcoded-buildpath/sysroots/x86_64-weintek-linux/usr/lib/aarch64-weintek-linux --includedir=/usr/local/oe-sdk-hardcoded-buildpath/sysroots/x86_64-weintek-linux/usr/include --oldincludedir=/usr/local/oe-sdk-hardcoded-buildpath/sysroots/x86_64-weintek-linux/usr/include --infodir=/usr/local/oe-sdk-hardcoded-buildpath/sysroots/x86_64-weintek-linux/usr/share/info --mandir=/usr/local/oe-sdk-hardcoded-buildpath/sysroots/x86_64-weintek-linux/usr/share/man --disable-silent-rules --disable-dependency-tracking --with-libtool-sysroot=/Workspace/Yocto/yocto-dunfell-23.0.11/qemuarm64-clang16/tmp/work/x86_64-nativesdk-weintek-linux/gcc-cross-canadian-aarch64/9.3.0-r0/recipe-sysroot --with-gnu-ld --enable-shared --enable-languages=c,c++ --enable-threads=posix --enable-multilib --enable-default-pie --enable-c99 --enable-long-long --enable-symvers=gnu --enable-libstdcxx-pch --program-prefix=aarch64-weintek-linux- --without-local-prefix --disable-install-libiberty --enable-lto --disable-libssp --enable-libitm --disable-bootstrap --disable-libmudflap --with-system-zlib --with-linker-hash-style=gnu --enable-linker-build-id --with-ppl=no --with-cloog=no --enable-checking=release --enable-cheaders=c_global --without-isl --with-gxx-include-dir=/not/exist/usr/include/c++/9.3.0 --with-build-time-tools=/Workspace/Yocto/yocto-dunfell-23.0.11/qemuarm64-clang16/tmp/work/x86_64-nativesdk-weintek-linux/gcc-cross-canadian-aarch64/9.3.0-r0/recipe-sysroot-native/usr/aarch64-weintek-linux/bin --with-sysroot=/not/exist --with-build-sysroot=/Workspace/Yocto/yocto-dunfell-23.0.11/qemuarm64-clang16/tmp/work/x86_64-nativesdk-weintek-linux/gcc-cross-canadian-aarch64/9.3.0-r0/recipe-sysroot --enable-poison-system-directories --disable-static --enable-nls --with-glibc-version=2.28 --enable-initfini-array --enable-__cxa_atexit
Thread model: posix
gcc version 9.3.0 (GCC) 
COLLECT_GCC_OPTIONS='--sysroot=/opt/weintek-sdk/dunfell-20250307-git/sysroots/aarch64-weintek-linux' '-march=armv8-a+crc' '-fstack-protector-strong' '-D' '_FORTIFY_SOURCE=2' '-Wformat=1' '-Wformat-security' '-Werror=format-security' '-Werror=return-type' '-O2' '-pipe' '-g' '-feliminate-unused-debug-types' '-v' '-o' 'CMakeFiles/cmTC_678c7.dir/CMakeCXXCompilerABI.cpp.o' '-c' '-shared-libgcc' '-mlittle-endian' '-mabi=lp64'
 /opt/weintek-sdk/dunfell-20250307-git/sysroots/x86_64-weintek-linux/usr/libexec/aarch64-weintek-linux/gcc/aarch64-weintek-linux/9.3.0/cc1plus -quiet -v -isysroot /opt/weintek-sdk/dunfell-20250307-git/sysroots/aarch64-weintek-linux -D_GNU_SOURCE -D _FORTIFY_SOURCE=2 /opt/weintek-sdk/dunfell-20250307-git/sysroots/x86_64-weintek-linux/usr/share/cmake-3.22/Modules/CMakeCXXCompilerABI.cpp -quiet -dumpbase CMakeCXXCompilerABI.cpp -march=armv8-a+crc -mlittle-endian -mabi=lp64 -auxbase-strip CMakeFiles/cmTC_678c7.dir/CMakeCXXCompilerABI.cpp.o -g -O2 -Wformat=1 -Wformat-security -Werror=format-security -Werror=return-type -version -fstack-protector-strong -feliminate-unused-debug-types -o - |
 /opt/weintek-sdk/dunfell-20250307-git/sysroots/x86_64-weintek-linux/usr/libexec/aarch64-weintek-linux/gcc/aarch64-weintek-linux/9.3.0/as -v -EL -march=armv8-a+crc -mabi=lp64 -o CMakeFiles/cmTC_678c7.dir/CMakeCXXCompilerABI.cpp.o
GNU assembler version 2.34.0 (aarch64-weintek-linux) using BFD version (GNU Binutils) 2.34.0.20200220
GNU C++14 (GCC) version 9.3.0 (aarch64-weintek-linux)
	compiled by GNU C version 9.3.0, GMP version 6.2.0, MPFR version 4.0.2, MPC version 1.1.0, isl version none
GGC heuristics: --param ggc-min-expand=100 --param ggc-min-heapsize=131072
ignoring nonexistent directory "/opt/weintek-sdk/dunfell-20250307-git/sysroots/aarch64-weintek-linux/usr/lib/aarch64-weintek-linux/9.3.0/include"
ignoring nonexistent directory "/opt/weintek-sdk/dunfell-20250307-git/sysroots/aarch64-weintek-linux/usr/local/include"
ignoring nonexistent directory "/opt/weintek-sdk/dunfell-20250307-git/sysroots/x86_64-weintek-linux/usr/lib/aarch64-weintek-linux/gcc/aarch64-weintek-linux/9.3.0/../../../../../aarch64-weintek-linux/include"
#include "..." search starts here:
#include <...> search starts here:
 /opt/weintek-sdk/dunfell-20250307-git/sysroots/aarch64-weintek-linux/usr/include/c++/9.3.0
 /opt/weintek-sdk/dunfell-20250307-git/sysroots/aarch64-weintek-linux/usr/include/c++/9.3.0/aarch64-weintek-linux
 /opt/weintek-sdk/dunfell-20250307-git/sysroots/aarch64-weintek-linux/usr/include/c++/9.3.0/backward
 /opt/weintek-sdk/dunfell-20250307-git/sysroots/x86_64-weintek-linux/usr/lib/aarch64-weintek-linux/gcc/aarch64-weintek-linux/9.3.0/include
 /opt/weintek-sdk/dunfell-20250307-git/sysroots/x86_64-weintek-linux/usr/lib/aarch64-weintek-linux/gcc/aarch64-weintek-linux/9.3.0/include-fixed
 /opt/weintek-sdk/dunfell-20250307-git/sysroots/aarch64-weintek-linux/usr/include/
End of search list.
GNU C++14 (GCC) version 9.3.0 (aarch64-weintek-linux)
	compiled by GNU C version 9.3.0, GMP version 6.2.0, MPFR version 4.0.2, MPC version 1.1.0, isl version none
GGC heuristics: --param ggc-min-expand=100 --param ggc-min-heapsize=131072
Compiler executable checksum: 2b8164f2b8620ebf590f960e250f0137
COMPILER_PATH=/opt/weintek-sdk/dunfell-20250307-git/sysroots/x86_64-weintek-linux/usr/libexec/aarch64-weintek-linux/gcc/aarch64-weintek-linux/9.3.0/:/opt/weintek-sdk/dunfell-20250307-git/sysroots/x86_64-weintek-linux/usr/libexec/aarch64-weintek-linux/gcc/aarch64-weintek-linux/9.3.0/:/opt/weintek-sdk/dunfell-20250307-git/sysroots/x86_64-weintek-linux/usr/libexec/aarch64-weintek-linux/gcc/aarch64-weintek-linux/:/opt/weintek-sdk/dunfell-20250307-git/sysroots/x86_64-weintek-linux/usr/lib/aarch64-weintek-linux/gcc/aarch64-weintek-linux/9.3.0/:/opt/weintek-sdk/dunfell-20250307-git/sysroots/x86_64-weintek-linux/usr/lib/aarch64-weintek-linux/gcc/aarch64-weintek-linux/
LIBRARY_PATH=/opt/weintek-sdk/dunfell-20250307-git/sysroots/x86_64-weintek-linux/usr/lib/aarch64-weintek-linux/gcc/aarch64-weintek-linux/9.3.0/:/opt/weintek-sdk/dunfell-20250307-git/sysroots/aarch64-weintek-linux/lib/:/opt/weintek-sdk/dunfell-20250307-git/sysroots/aarch64-weintek-linux/usr/lib/aarch64-weintek-linux/9.3.0/:/opt/weintek-sdk/dunfell-20250307-git/sysroots/aarch64-weintek-linux/usr/lib/
COLLECT_GCC_OPTIONS='--sysroot=/opt/weintek-sdk/dunfell-20250307-git/sysroots/aarch64-weintek-linux' '-march=armv8-a+crc' '-fstack-protector-strong' '-D' '_FORTIFY_SOURCE=2' '-Wformat=1' '-Wformat-security' '-Werror=format-security' '-Werror=return-type' '-O2' '-pipe' '-g' '-feliminate-unused-debug-types' '-v' '-o' 'CMakeFiles/cmTC_678c7.dir/CMakeCXXCompilerABI.cpp.o' '-c' '-shared-libgcc' '-mlittle-endian' '-mabi=lp64'
Linking CXX executable cmTC_678c7
/opt/weintek-sdk/dunfell-20250307-git/sysroots/x86_64-weintek-linux/usr/bin/cmake -E cmake_link_script CMakeFiles/cmTC_678c7.dir/link.txt --verbose=1
/opt/weintek-sdk/dunfell-20250307-git/sysroots/x86_64-weintek-linux/usr/bin/aarch64-weintek-linux/aarch64-weintek-linux-g++   -march=armv8-a+crc -fstack-protector-strong  -D_FORTIFY_SOURCE=2 -Wformat -Wformat-security -Werror=format-security  -Werror=return-type   --sysroot=/opt/weintek-sdk/dunfell-20250307-git/sysroots/aarch64-weintek-linux --sysroot=/opt/weintek-sdk/dunfell-20250307-git/sysroots/aarch64-weintek-linux  -O2 -pipe -g -feliminate-unused-debug-types    -Wl,-O1 -Wl,--hash-style=gnu -Wl,--as-needed -fstack-protector-strong -Wl,-z,relro,-z,now -v CMakeFiles/cmTC_678c7.dir/CMakeCXXCompilerABI.cpp.o -o cmTC_678c7 
Using built-in specs.
COLLECT_GCC=/opt/weintek-sdk/dunfell-20250307-git/sysroots/x86_64-weintek-linux/usr/bin/aarch64-weintek-linux/aarch64-weintek-linux-g++
COLLECT_LTO_WRAPPER=/opt/weintek-sdk/dunfell-20250307-git/sysroots/x86_64-weintek-linux/usr/libexec/aarch64-weintek-linux/gcc/aarch64-weintek-linux/9.3.0/lto-wrapper
Target: aarch64-weintek-linux
Configured with: ../../../../../../work-shared/gcc-9.3.0-r0/gcc-9.3.0/configure --build=x86_64-linux --host=x86_64-weintek-linux --target=aarch64-weintek-linux --prefix=/usr/local/oe-sdk-hardcoded-buildpath/sysroots/x86_64-weintek-linux/usr --exec_prefix=/usr/local/oe-sdk-hardcoded-buildpath/sysroots/x86_64-weintek-linux/usr --bindir=/usr/local/oe-sdk-hardcoded-buildpath/sysroots/x86_64-weintek-linux/usr/bin/aarch64-weintek-linux --sbindir=/usr/local/oe-sdk-hardcoded-buildpath/sysroots/x86_64-weintek-linux/usr/bin/aarch64-weintek-linux --libexecdir=/usr/local/oe-sdk-hardcoded-buildpath/sysroots/x86_64-weintek-linux/usr/libexec/aarch64-weintek-linux --datadir=/usr/local/oe-sdk-hardcoded-buildpath/sysroots/x86_64-weintek-linux/usr/share --sysconfdir=/usr/local/oe-sdk-hardcoded-buildpath/sysroots/x86_64-weintek-linux/etc --sharedstatedir=/usr/local/oe-sdk-hardcoded-buildpath/sysroots/x86_64-weintek-linux/com --localstatedir=/usr/local/oe-sdk-hardcoded-buildpath/sysroots/x86_64-weintek-linux/var --libdir=/usr/local/oe-sdk-hardcoded-buildpath/sysroots/x86_64-weintek-linux/usr/lib/aarch64-weintek-linux --includedir=/usr/local/oe-sdk-hardcoded-buildpath/sysroots/x86_64-weintek-linux/usr/include --oldincludedir=/usr/local/oe-sdk-hardcoded-buildpath/sysroots/x86_64-weintek-linux/usr/include --infodir=/usr/local/oe-sdk-hardcoded-buildpath/sysroots/x86_64-weintek-linux/usr/share/info --mandir=/usr/local/oe-sdk-hardcoded-buildpath/sysroots/x86_64-weintek-linux/usr/share/man --disable-silent-rules --disable-dependency-tracking --with-libtool-sysroot=/Workspace/Yocto/yocto-dunfell-23.0.11/qemuarm64-clang16/tmp/work/x86_64-nativesdk-weintek-linux/gcc-cross-canadian-aarch64/9.3.0-r0/recipe-sysroot --with-gnu-ld --enable-shared --enable-languages=c,c++ --enable-threads=posix --enable-multilib --enable-default-pie --enable-c99 --enable-long-long --enable-symvers=gnu --enable-libstdcxx-pch --program-prefix=aarch64-weintek-linux- --without-local-prefix --disable-install-libiberty --enable-lto --disable-libssp --enable-libitm --disable-bootstrap --disable-libmudflap --with-system-zlib --with-linker-hash-style=gnu --enable-linker-build-id --with-ppl=no --with-cloog=no --enable-checking=release --enable-cheaders=c_global --without-isl --with-gxx-include-dir=/not/exist/usr/include/c++/9.3.0 --with-build-time-tools=/Workspace/Yocto/yocto-dunfell-23.0.11/qemuarm64-clang16/tmp/work/x86_64-nativesdk-weintek-linux/gcc-cross-canadian-aarch64/9.3.0-r0/recipe-sysroot-native/usr/aarch64-weintek-linux/bin --with-sysroot=/not/exist --with-build-sysroot=/Workspace/Yocto/yocto-dunfell-23.0.11/qemuarm64-clang16/tmp/work/x86_64-nativesdk-weintek-linux/gcc-cross-canadian-aarch64/9.3.0-r0/recipe-sysroot --enable-poison-system-directories --disable-static --enable-nls --with-glibc-version=2.28 --enable-initfini-array --enable-__cxa_atexit
Thread model: posix
gcc version 9.3.0 (GCC) 
COMPILER_PATH=/opt/weintek-sdk/dunfell-20250307-git/sysroots/x86_64-weintek-linux/usr/libexec/aarch64-weintek-linux/gcc/aarch64-weintek-linux/9.3.0/:/opt/weintek-sdk/dunfell-20250307-git/sysroots/x86_64-weintek-linux/usr/libexec/aarch64-weintek-linux/gcc/aarch64-weintek-linux/9.3.0/:/opt/weintek-sdk/dunfell-20250307-git/sysroots/x86_64-weintek-linux/usr/libexec/aarch64-weintek-linux/gcc/aarch64-weintek-linux/:/opt/weintek-sdk/dunfell-20250307-git/sysroots/x86_64-weintek-linux/usr/lib/aarch64-weintek-linux/gcc/aarch64-weintek-linux/9.3.0/:/opt/weintek-sdk/dunfell-20250307-git/sysroots/x86_64-weintek-linux/usr/lib/aarch64-weintek-linux/gcc/aarch64-weintek-linux/
LIBRARY_PATH=/opt/weintek-sdk/dunfell-20250307-git/sysroots/x86_64-weintek-linux/usr/lib/aarch64-weintek-linux/gcc/aarch64-weintek-linux/9.3.0/:/opt/weintek-sdk/dunfell-20250307-git/sysroots/aarch64-weintek-linux/lib/:/opt/weintek-sdk/dunfell-20250307-git/sysroots/aarch64-weintek-linux/usr/lib/aarch64-weintek-linux/9.3.0/:/opt/weintek-sdk/dunfell-20250307-git/sysroots/aarch64-weintek-linux/usr/lib/
COLLECT_GCC_OPTIONS='--sysroot=/opt/weintek-sdk/dunfell-20250307-git/sysroots/aarch64-weintek-linux' '-march=armv8-a+crc' '-fstack-protector-strong' '-D' '_FORTIFY_SOURCE=2' '-Wformat=1' '-Wformat-security' '-Werror=format-security' '-Werror=return-type' '-O2' '-pipe' '-g' '-feliminate-unused-debug-types' '-fstack-protector-strong' '-v' '-o' 'cmTC_678c7' '-shared-libgcc' '-mlittle-endian' '-mabi=lp64'
 /opt/weintek-sdk/dunfell-20250307-git/sysroots/x86_64-weintek-linux/usr/libexec/aarch64-weintek-linux/gcc/aarch64-weintek-linux/9.3.0/collect2 -plugin /opt/weintek-sdk/dunfell-20250307-git/sysroots/x86_64-weintek-linux/usr/libexec/aarch64-weintek-linux/gcc/aarch64-weintek-linux/9.3.0/liblto_plugin.so -plugin-opt=/opt/weintek-sdk/dunfell-20250307-git/sysroots/x86_64-weintek-linux/usr/libexec/aarch64-weintek-linux/gcc/aarch64-weintek-linux/9.3.0/lto-wrapper -plugin-opt=-fresolution=/tmp/cccRu8pA.res -plugin-opt=-pass-through=-lgcc_s -plugin-opt=-pass-through=-lgcc -plugin-opt=-pass-through=-lc -plugin-opt=-pass-through=-lgcc_s -plugin-opt=-pass-through=-lgcc --sysroot=/opt/weintek-sdk/dunfell-20250307-git/sysroots/aarch64-weintek-linux --build-id --eh-frame-hdr --hash-style=gnu -dynamic-linker /lib/ld-linux-aarch64.so.1 -X -EL -maarch64linux -pie -o cmTC_678c7 /opt/weintek-sdk/dunfell-20250307-git/sysroots/aarch64-weintek-linux/usr/lib/Scrt1.o /opt/weintek-sdk/dunfell-20250307-git/sysroots/aarch64-weintek-linux/usr/lib/crti.o /opt/weintek-sdk/dunfell-20250307-git/sysroots/aarch64-weintek-linux/usr/lib/aarch64-weintek-linux/9.3.0/crtbeginS.o -L/opt/weintek-sdk/dunfell-20250307-git/sysroots/x86_64-weintek-linux/usr/lib/aarch64-weintek-linux/gcc/aarch64-weintek-linux/9.3.0 -L/opt/weintek-sdk/dunfell-20250307-git/sysroots/aarch64-weintek-linux/lib -L/opt/weintek-sdk/dunfell-20250307-git/sysroots/aarch64-weintek-linux/usr/lib/aarch64-weintek-linux/9.3.0 -L/opt/weintek-sdk/dunfell-20250307-git/sysroots/aarch64-weintek-linux/usr/lib -O1 --hash-style=gnu --as-needed -z relro -z now CMakeFiles/cmTC_678c7.dir/CMakeCXXCompilerABI.cpp.o -lstdc++ -lm -lgcc_s -lgcc -lc -lgcc_s -lgcc /opt/weintek-sdk/dunfell-20250307-git/sysroots/aarch64-weintek-linux/usr/lib/aarch64-weintek-linux/9.3.0/crtendS.o /opt/weintek-sdk/dunfell-20250307-git/sysroots/aarch64-weintek-linux/usr/lib/crtn.o
COLLECT_GCC_OPTIONS='--sysroot=/opt/weintek-sdk/dunfell-20250307-git/sysroots/aarch64-weintek-linux' '-march=armv8-a+crc' '-fstack-protector-strong' '-D' '_FORTIFY_SOURCE=2' '-Wformat=1' '-Wformat-security' '-Werror=format-security' '-Werror=return-type' '-O2' '-pipe' '-g' '-feliminate-unused-debug-types' '-fstack-protector-strong' '-v' '-o' 'cmTC_678c7' '-shared-libgcc' '-mlittle-endian' '-mabi=lp64'
gmake[1]: Leaving directory '/home/davidgu/arima_cpp_demo/arm64/build_aarch64/CMakeFiles/CMakeTmp'



Parsed CXX implicit include dir info from above output: rv=done
  found start of include info
  found start of implicit include info
    add: [/opt/weintek-sdk/dunfell-20250307-git/sysroots/aarch64-weintek-linux/usr/include/c++/9.3.0]
    add: [/opt/weintek-sdk/dunfell-20250307-git/sysroots/aarch64-weintek-linux/usr/include/c++/9.3.0/aarch64-weintek-linux]
    add: [/opt/weintek-sdk/dunfell-20250307-git/sysroots/aarch64-weintek-linux/usr/include/c++/9.3.0/backward]
    add: [/opt/weintek-sdk/dunfell-20250307-git/sysroots/x86_64-weintek-linux/usr/lib/aarch64-weintek-linux/gcc/aarch64-weintek-linux/9.3.0/include]
    add: [/opt/weintek-sdk/dunfell-20250307-git/sysroots/x86_64-weintek-linux/usr/lib/aarch64-weintek-linux/gcc/aarch64-weintek-linux/9.3.0/include-fixed]
    add: [/opt/weintek-sdk/dunfell-20250307-git/sysroots/aarch64-weintek-linux/usr/include/]
  end of search list found
  collapse include dir [/opt/weintek-sdk/dunfell-20250307-git/sysroots/aarch64-weintek-linux/usr/include/c++/9.3.0] ==> [/opt/weintek-sdk/dunfell-20250307-git/sysroots/aarch64-weintek-linux/usr/include/c++/9.3.0]
  collapse include dir [/opt/weintek-sdk/dunfell-20250307-git/sysroots/aarch64-weintek-linux/usr/include/c++/9.3.0/aarch64-weintek-linux] ==> [/opt/weintek-sdk/dunfell-20250307-git/sysroots/aarch64-weintek-linux/usr/include/c++/9.3.0/aarch64-weintek-linux]
  collapse include dir [/opt/weintek-sdk/dunfell-20250307-git/sysroots/aarch64-weintek-linux/usr/include/c++/9.3.0/backward] ==> [/opt/weintek-sdk/dunfell-20250307-git/sysroots/aarch64-weintek-linux/usr/include/c++/9.3.0/backward]
  collapse include dir [/opt/weintek-sdk/dunfell-20250307-git/sysroots/x86_64-weintek-linux/usr/lib/aarch64-weintek-linux/gcc/aarch64-weintek-linux/9.3.0/include] ==> [/opt/weintek-sdk/dunfell-20250307-git/sysroots/x86_64-weintek-linux/usr/lib/aarch64-weintek-linux/gcc/aarch64-weintek-linux/9.3.0/include]
  collapse include dir [/opt/weintek-sdk/dunfell-20250307-git/sysroots/x86_64-weintek-linux/usr/lib/aarch64-weintek-linux/gcc/aarch64-weintek-linux/9.3.0/include-fixed] ==> [/opt/weintek-sdk/dunfell-20250307-git/sysroots/x86_64-weintek-linux/usr/lib/aarch64-weintek-linux/gcc/aarch64-weintek-linux/9.3.0/include-fixed]
  collapse include dir [/opt/weintek-sdk/dunfell-20250307-git/sysroots/aarch64-weintek-linux/usr/include/] ==> [/opt/weintek-sdk/dunfell-20250307-git/sysroots/aarch64-weintek-linux/usr/include]
  implicit include dirs: [/opt/weintek-sdk/dunfell-20250307-git/sysroots/aarch64-weintek-linux/usr/include/c++/9.3.0;/opt/weintek-sdk/dunfell-20250307-git/sysroots/aarch64-weintek-linux/usr/include/c++/9.3.0/aarch64-weintek-linux;/opt/weintek-sdk/dunfell-20250307-git/sysroots/aarch64-weintek-linux/usr/include/c++/9.3.0/backward;/opt/weintek-sdk/dunfell-20250307-git/sysroots/x86_64-weintek-linux/usr/lib/aarch64-weintek-linux/gcc/aarch64-weintek-linux/9.3.0/include;/opt/weintek-sdk/dunfell-20250307-git/sysroots/x86_64-weintek-linux/usr/lib/aarch64-weintek-linux/gcc/aarch64-weintek-linux/9.3.0/include-fixed;/opt/weintek-sdk/dunfell-20250307-git/sysroots/aarch64-weintek-linux/usr/include]


Parsed CXX implicit link information from above output:
  link line regex: [^( *|.*[/\])(aarch64-weintek-linux-ld|CMAKE_LINK_STARTFILE-NOTFOUND|([^/\]+-)?ld|collect2)[^/\]*( |$)]
  ignore line: [Change Dir: /home/davidgu/arima_cpp_demo/arm64/build_aarch64/CMakeFiles/CMakeTmp]
  ignore line: []
  ignore line: [Run Build Command(s):/usr/bin/gmake -f Makefile cmTC_678c7/fast && /usr/bin/gmake  -f CMakeFiles/cmTC_678c7.dir/build.make CMakeFiles/cmTC_678c7.dir/build]
  ignore line: [gmake[1]: Entering directory '/home/davidgu/arima_cpp_demo/arm64/build_aarch64/CMakeFiles/CMakeTmp']
  ignore line: [Building CXX object CMakeFiles/cmTC_678c7.dir/CMakeCXXCompilerABI.cpp.o]
  ignore line: [/opt/weintek-sdk/dunfell-20250307-git/sysroots/x86_64-weintek-linux/usr/bin/aarch64-weintek-linux/aarch64-weintek-linux-g++   -march=armv8-a+crc -fstack-protector-strong  -D_FORTIFY_SOURCE=2 -Wformat -Wformat-security -Werror=format-security  -Werror=return-type   --sysroot=/opt/weintek-sdk/dunfell-20250307-git/sysroots/aarch64-weintek-linux --sysroot=/opt/weintek-sdk/dunfell-20250307-git/sysroots/aarch64-weintek-linux   -O2 -pipe -g -feliminate-unused-debug-types      -v -o CMakeFiles/cmTC_678c7.dir/CMakeCXXCompilerABI.cpp.o -c /opt/weintek-sdk/dunfell-20250307-git/sysroots/x86_64-weintek-linux/usr/share/cmake-3.22/Modules/CMakeCXXCompilerABI.cpp]
  ignore line: [Using built-in specs.]
  ignore line: [COLLECT_GCC=/opt/weintek-sdk/dunfell-20250307-git/sysroots/x86_64-weintek-linux/usr/bin/aarch64-weintek-linux/aarch64-weintek-linux-g++]
  ignore line: [Target: aarch64-weintek-linux]
  ignore line: [Configured with: ../../../../../../work-shared/gcc-9.3.0-r0/gcc-9.3.0/configure --build=x86_64-linux --host=x86_64-weintek-linux --target=aarch64-weintek-linux --prefix=/usr/local/oe-sdk-hardcoded-buildpath/sysroots/x86_64-weintek-linux/usr --exec_prefix=/usr/local/oe-sdk-hardcoded-buildpath/sysroots/x86_64-weintek-linux/usr --bindir=/usr/local/oe-sdk-hardcoded-buildpath/sysroots/x86_64-weintek-linux/usr/bin/aarch64-weintek-linux --sbindir=/usr/local/oe-sdk-hardcoded-buildpath/sysroots/x86_64-weintek-linux/usr/bin/aarch64-weintek-linux --libexecdir=/usr/local/oe-sdk-hardcoded-buildpath/sysroots/x86_64-weintek-linux/usr/libexec/aarch64-weintek-linux --datadir=/usr/local/oe-sdk-hardcoded-buildpath/sysroots/x86_64-weintek-linux/usr/share --sysconfdir=/usr/local/oe-sdk-hardcoded-buildpath/sysroots/x86_64-weintek-linux/etc --sharedstatedir=/usr/local/oe-sdk-hardcoded-buildpath/sysroots/x86_64-weintek-linux/com --localstatedir=/usr/local/oe-sdk-hardcoded-buildpath/sysroots/x86_64-weintek-linux/var --libdir=/usr/local/oe-sdk-hardcoded-buildpath/sysroots/x86_64-weintek-linux/usr/lib/aarch64-weintek-linux --includedir=/usr/local/oe-sdk-hardcoded-buildpath/sysroots/x86_64-weintek-linux/usr/include --oldincludedir=/usr/local/oe-sdk-hardcoded-buildpath/sysroots/x86_64-weintek-linux/usr/include --infodir=/usr/local/oe-sdk-hardcoded-buildpath/sysroots/x86_64-weintek-linux/usr/share/info --mandir=/usr/local/oe-sdk-hardcoded-buildpath/sysroots/x86_64-weintek-linux/usr/share/man --disable-silent-rules --disable-dependency-tracking --with-libtool-sysroot=/Workspace/Yocto/yocto-dunfell-23.0.11/qemuarm64-clang16/tmp/work/x86_64-nativesdk-weintek-linux/gcc-cross-canadian-aarch64/9.3.0-r0/recipe-sysroot --with-gnu-ld --enable-shared --enable-languages=c,c++ --enable-threads=posix --enable-multilib --enable-default-pie --enable-c99 --enable-long-long --enable-symvers=gnu --enable-libstdcxx-pch --program-prefix=aarch64-weintek-linux- --without-local-prefix --disable-install-libiberty --enable-lto --disable-libssp --enable-libitm --disable-bootstrap --disable-libmudflap --with-system-zlib --with-linker-hash-style=gnu --enable-linker-build-id --with-ppl=no --with-cloog=no --enable-checking=release --enable-cheaders=c_global --without-isl --with-gxx-include-dir=/not/exist/usr/include/c++/9.3.0 --with-build-time-tools=/Workspace/Yocto/yocto-dunfell-23.0.11/qemuarm64-clang16/tmp/work/x86_64-nativesdk-weintek-linux/gcc-cross-canadian-aarch64/9.3.0-r0/recipe-sysroot-native/usr/aarch64-weintek-linux/bin --with-sysroot=/not/exist --with-build-sysroot=/Workspace/Yocto/yocto-dunfell-23.0.11/qemuarm64-clang16/tmp/work/x86_64-nativesdk-weintek-linux/gcc-cross-canadian-aarch64/9.3.0-r0/recipe-sysroot --enable-poison-system-directories --disable-static --enable-nls --with-glibc-version=2.28 --enable-initfini-array --enable-__cxa_atexit]
  ignore line: [Thread model: posix]
  ignore line: [gcc version 9.3.0 (GCC) ]
  ignore line: [COLLECT_GCC_OPTIONS='--sysroot=/opt/weintek-sdk/dunfell-20250307-git/sysroots/aarch64-weintek-linux' '-march=armv8-a+crc' '-fstack-protector-strong' '-D' '_FORTIFY_SOURCE=2' '-Wformat=1' '-Wformat-security' '-Werror=format-security' '-Werror=return-type' '-O2' '-pipe' '-g' '-feliminate-unused-debug-types' '-v' '-o' 'CMakeFiles/cmTC_678c7.dir/CMakeCXXCompilerABI.cpp.o' '-c' '-shared-libgcc' '-mlittle-endian' '-mabi=lp64']
  ignore line: [ /opt/weintek-sdk/dunfell-20250307-git/sysroots/x86_64-weintek-linux/usr/libexec/aarch64-weintek-linux/gcc/aarch64-weintek-linux/9.3.0/cc1plus -quiet -v -isysroot /opt/weintek-sdk/dunfell-20250307-git/sysroots/aarch64-weintek-linux -D_GNU_SOURCE -D _FORTIFY_SOURCE=2 /opt/weintek-sdk/dunfell-20250307-git/sysroots/x86_64-weintek-linux/usr/share/cmake-3.22/Modules/CMakeCXXCompilerABI.cpp -quiet -dumpbase CMakeCXXCompilerABI.cpp -march=armv8-a+crc -mlittle-endian -mabi=lp64 -auxbase-strip CMakeFiles/cmTC_678c7.dir/CMakeCXXCompilerABI.cpp.o -g -O2 -Wformat=1 -Wformat-security -Werror=format-security -Werror=return-type -version -fstack-protector-strong -feliminate-unused-debug-types -o - |]
  ignore line: [ /opt/weintek-sdk/dunfell-20250307-git/sysroots/x86_64-weintek-linux/usr/libexec/aarch64-weintek-linux/gcc/aarch64-weintek-linux/9.3.0/as -v -EL -march=armv8-a+crc -mabi=lp64 -o CMakeFiles/cmTC_678c7.dir/CMakeCXXCompilerABI.cpp.o]
  ignore line: [GNU assembler version 2.34.0 (aarch64-weintek-linux) using BFD version (GNU Binutils) 2.34.0.20200220]
  ignore line: [GNU C++14 (GCC) version 9.3.0 (aarch64-weintek-linux)]
  ignore line: [	compiled by GNU C version 9.3.0  GMP version 6.2.0  MPFR version 4.0.2  MPC version 1.1.0  isl version none]
  ignore line: [GGC heuristics: --param ggc-min-expand=100 --param ggc-min-heapsize=131072]
  ignore line: [ignoring nonexistent directory "/opt/weintek-sdk/dunfell-20250307-git/sysroots/aarch64-weintek-linux/usr/lib/aarch64-weintek-linux/9.3.0/include"]
  ignore line: [ignoring nonexistent directory "/opt/weintek-sdk/dunfell-20250307-git/sysroots/aarch64-weintek-linux/usr/local/include"]
  ignore line: [ignoring nonexistent directory "/opt/weintek-sdk/dunfell-20250307-git/sysroots/x86_64-weintek-linux/usr/lib/aarch64-weintek-linux/gcc/aarch64-weintek-linux/9.3.0/../../../../../aarch64-weintek-linux/include"]
  ignore line: [#include "..." search starts here:]
  ignore line: [#include <...> search starts here:]
  ignore line: [ /opt/weintek-sdk/dunfell-20250307-git/sysroots/aarch64-weintek-linux/usr/include/c++/9.3.0]
  ignore line: [ /opt/weintek-sdk/dunfell-20250307-git/sysroots/aarch64-weintek-linux/usr/include/c++/9.3.0/aarch64-weintek-linux]
  ignore line: [ /opt/weintek-sdk/dunfell-20250307-git/sysroots/aarch64-weintek-linux/usr/include/c++/9.3.0/backward]
  ignore line: [ /opt/weintek-sdk/dunfell-20250307-git/sysroots/x86_64-weintek-linux/usr/lib/aarch64-weintek-linux/gcc/aarch64-weintek-linux/9.3.0/include]
  ignore line: [ /opt/weintek-sdk/dunfell-20250307-git/sysroots/x86_64-weintek-linux/usr/lib/aarch64-weintek-linux/gcc/aarch64-weintek-linux/9.3.0/include-fixed]
  ignore line: [ /opt/weintek-sdk/dunfell-20250307-git/sysroots/aarch64-weintek-linux/usr/include/]
  ignore line: [End of search list.]
  ignore line: [GNU C++14 (GCC) version 9.3.0 (aarch64-weintek-linux)]
  ignore line: [	compiled by GNU C version 9.3.0  GMP version 6.2.0  MPFR version 4.0.2  MPC version 1.1.0  isl version none]
  ignore line: [GGC heuristics: --param ggc-min-expand=100 --param ggc-min-heapsize=131072]
  ignore line: [Compiler executable checksum: 2b8164f2b8620ebf590f960e250f0137]
  ignore line: [COMPILER_PATH=/opt/weintek-sdk/dunfell-20250307-git/sysroots/x86_64-weintek-linux/usr/libexec/aarch64-weintek-linux/gcc/aarch64-weintek-linux/9.3.0/:/opt/weintek-sdk/dunfell-20250307-git/sysroots/x86_64-weintek-linux/usr/libexec/aarch64-weintek-linux/gcc/aarch64-weintek-linux/9.3.0/:/opt/weintek-sdk/dunfell-20250307-git/sysroots/x86_64-weintek-linux/usr/libexec/aarch64-weintek-linux/gcc/aarch64-weintek-linux/:/opt/weintek-sdk/dunfell-20250307-git/sysroots/x86_64-weintek-linux/usr/lib/aarch64-weintek-linux/gcc/aarch64-weintek-linux/9.3.0/:/opt/weintek-sdk/dunfell-20250307-git/sysroots/x86_64-weintek-linux/usr/lib/aarch64-weintek-linux/gcc/aarch64-weintek-linux/]
  ignore line: [LIBRARY_PATH=/opt/weintek-sdk/dunfell-20250307-git/sysroots/x86_64-weintek-linux/usr/lib/aarch64-weintek-linux/gcc/aarch64-weintek-linux/9.3.0/:/opt/weintek-sdk/dunfell-20250307-git/sysroots/aarch64-weintek-linux/lib/:/opt/weintek-sdk/dunfell-20250307-git/sysroots/aarch64-weintek-linux/usr/lib/aarch64-weintek-linux/9.3.0/:/opt/weintek-sdk/dunfell-20250307-git/sysroots/aarch64-weintek-linux/usr/lib/]
  ignore line: [COLLECT_GCC_OPTIONS='--sysroot=/opt/weintek-sdk/dunfell-20250307-git/sysroots/aarch64-weintek-linux' '-march=armv8-a+crc' '-fstack-protector-strong' '-D' '_FORTIFY_SOURCE=2' '-Wformat=1' '-Wformat-security' '-Werror=format-security' '-Werror=return-type' '-O2' '-pipe' '-g' '-feliminate-unused-debug-types' '-v' '-o' 'CMakeFiles/cmTC_678c7.dir/CMakeCXXCompilerABI.cpp.o' '-c' '-shared-libgcc' '-mlittle-endian' '-mabi=lp64']
  ignore line: [Linking CXX executable cmTC_678c7]
  ignore line: [/opt/weintek-sdk/dunfell-20250307-git/sysroots/x86_64-weintek-linux/usr/bin/cmake -E cmake_link_script CMakeFiles/cmTC_678c7.dir/link.txt --verbose=1]
  ignore line: [/opt/weintek-sdk/dunfell-20250307-git/sysroots/x86_64-weintek-linux/usr/bin/aarch64-weintek-linux/aarch64-weintek-linux-g++   -march=armv8-a+crc -fstack-protector-strong  -D_FORTIFY_SOURCE=2 -Wformat -Wformat-security -Werror=format-security  -Werror=return-type   --sysroot=/opt/weintek-sdk/dunfell-20250307-git/sysroots/aarch64-weintek-linux --sysroot=/opt/weintek-sdk/dunfell-20250307-git/sysroots/aarch64-weintek-linux  -O2 -pipe -g -feliminate-unused-debug-types    -Wl -O1 -Wl --hash-style=gnu -Wl --as-needed -fstack-protector-strong -Wl -z relro -z now -v CMakeFiles/cmTC_678c7.dir/CMakeCXXCompilerABI.cpp.o -o cmTC_678c7 ]
  ignore line: [Using built-in specs.]
  ignore line: [COLLECT_GCC=/opt/weintek-sdk/dunfell-20250307-git/sysroots/x86_64-weintek-linux/usr/bin/aarch64-weintek-linux/aarch64-weintek-linux-g++]
  ignore line: [COLLECT_LTO_WRAPPER=/opt/weintek-sdk/dunfell-20250307-git/sysroots/x86_64-weintek-linux/usr/libexec/aarch64-weintek-linux/gcc/aarch64-weintek-linux/9.3.0/lto-wrapper]
  ignore line: [Target: aarch64-weintek-linux]
  ignore line: [Configured with: ../../../../../../work-shared/gcc-9.3.0-r0/gcc-9.3.0/configure --build=x86_64-linux --host=x86_64-weintek-linux --target=aarch64-weintek-linux --prefix=/usr/local/oe-sdk-hardcoded-buildpath/sysroots/x86_64-weintek-linux/usr --exec_prefix=/usr/local/oe-sdk-hardcoded-buildpath/sysroots/x86_64-weintek-linux/usr --bindir=/usr/local/oe-sdk-hardcoded-buildpath/sysroots/x86_64-weintek-linux/usr/bin/aarch64-weintek-linux --sbindir=/usr/local/oe-sdk-hardcoded-buildpath/sysroots/x86_64-weintek-linux/usr/bin/aarch64-weintek-linux --libexecdir=/usr/local/oe-sdk-hardcoded-buildpath/sysroots/x86_64-weintek-linux/usr/libexec/aarch64-weintek-linux --datadir=/usr/local/oe-sdk-hardcoded-buildpath/sysroots/x86_64-weintek-linux/usr/share --sysconfdir=/usr/local/oe-sdk-hardcoded-buildpath/sysroots/x86_64-weintek-linux/etc --sharedstatedir=/usr/local/oe-sdk-hardcoded-buildpath/sysroots/x86_64-weintek-linux/com --localstatedir=/usr/local/oe-sdk-hardcoded-buildpath/sysroots/x86_64-weintek-linux/var --libdir=/usr/local/oe-sdk-hardcoded-buildpath/sysroots/x86_64-weintek-linux/usr/lib/aarch64-weintek-linux --includedir=/usr/local/oe-sdk-hardcoded-buildpath/sysroots/x86_64-weintek-linux/usr/include --oldincludedir=/usr/local/oe-sdk-hardcoded-buildpath/sysroots/x86_64-weintek-linux/usr/include --infodir=/usr/local/oe-sdk-hardcoded-buildpath/sysroots/x86_64-weintek-linux/usr/share/info --mandir=/usr/local/oe-sdk-hardcoded-buildpath/sysroots/x86_64-weintek-linux/usr/share/man --disable-silent-rules --disable-dependency-tracking --with-libtool-sysroot=/Workspace/Yocto/yocto-dunfell-23.0.11/qemuarm64-clang16/tmp/work/x86_64-nativesdk-weintek-linux/gcc-cross-canadian-aarch64/9.3.0-r0/recipe-sysroot --with-gnu-ld --enable-shared --enable-languages=c,c++ --enable-threads=posix --enable-multilib --enable-default-pie --enable-c99 --enable-long-long --enable-symvers=gnu --enable-libstdcxx-pch --program-prefix=aarch64-weintek-linux- --without-local-prefix --disable-install-libiberty --enable-lto --disable-libssp --enable-libitm --disable-bootstrap --disable-libmudflap --with-system-zlib --with-linker-hash-style=gnu --enable-linker-build-id --with-ppl=no --with-cloog=no --enable-checking=release --enable-cheaders=c_global --without-isl --with-gxx-include-dir=/not/exist/usr/include/c++/9.3.0 --with-build-time-tools=/Workspace/Yocto/yocto-dunfell-23.0.11/qemuarm64-clang16/tmp/work/x86_64-nativesdk-weintek-linux/gcc-cross-canadian-aarch64/9.3.0-r0/recipe-sysroot-native/usr/aarch64-weintek-linux/bin --with-sysroot=/not/exist --with-build-sysroot=/Workspace/Yocto/yocto-dunfell-23.0.11/qemuarm64-clang16/tmp/work/x86_64-nativesdk-weintek-linux/gcc-cross-canadian-aarch64/9.3.0-r0/recipe-sysroot --enable-poison-system-directories --disable-static --enable-nls --with-glibc-version=2.28 --enable-initfini-array --enable-__cxa_atexit]
  ignore line: [Thread model: posix]
  ignore line: [gcc version 9.3.0 (GCC) ]
  ignore line: [COMPILER_PATH=/opt/weintek-sdk/dunfell-20250307-git/sysroots/x86_64-weintek-linux/usr/libexec/aarch64-weintek-linux/gcc/aarch64-weintek-linux/9.3.0/:/opt/weintek-sdk/dunfell-20250307-git/sysroots/x86_64-weintek-linux/usr/libexec/aarch64-weintek-linux/gcc/aarch64-weintek-linux/9.3.0/:/opt/weintek-sdk/dunfell-20250307-git/sysroots/x86_64-weintek-linux/usr/libexec/aarch64-weintek-linux/gcc/aarch64-weintek-linux/:/opt/weintek-sdk/dunfell-20250307-git/sysroots/x86_64-weintek-linux/usr/lib/aarch64-weintek-linux/gcc/aarch64-weintek-linux/9.3.0/:/opt/weintek-sdk/dunfell-20250307-git/sysroots/x86_64-weintek-linux/usr/lib/aarch64-weintek-linux/gcc/aarch64-weintek-linux/]
  ignore line: [LIBRARY_PATH=/opt/weintek-sdk/dunfell-20250307-git/sysroots/x86_64-weintek-linux/usr/lib/aarch64-weintek-linux/gcc/aarch64-weintek-linux/9.3.0/:/opt/weintek-sdk/dunfell-20250307-git/sysroots/aarch64-weintek-linux/lib/:/opt/weintek-sdk/dunfell-20250307-git/sysroots/aarch64-weintek-linux/usr/lib/aarch64-weintek-linux/9.3.0/:/opt/weintek-sdk/dunfell-20250307-git/sysroots/aarch64-weintek-linux/usr/lib/]
  ignore line: [COLLECT_GCC_OPTIONS='--sysroot=/opt/weintek-sdk/dunfell-20250307-git/sysroots/aarch64-weintek-linux' '-march=armv8-a+crc' '-fstack-protector-strong' '-D' '_FORTIFY_SOURCE=2' '-Wformat=1' '-Wformat-security' '-Werror=format-security' '-Werror=return-type' '-O2' '-pipe' '-g' '-feliminate-unused-debug-types' '-fstack-protector-strong' '-v' '-o' 'cmTC_678c7' '-shared-libgcc' '-mlittle-endian' '-mabi=lp64']
  link line: [ /opt/weintek-sdk/dunfell-20250307-git/sysroots/x86_64-weintek-linux/usr/libexec/aarch64-weintek-linux/gcc/aarch64-weintek-linux/9.3.0/collect2 -plugin /opt/weintek-sdk/dunfell-20250307-git/sysroots/x86_64-weintek-linux/usr/libexec/aarch64-weintek-linux/gcc/aarch64-weintek-linux/9.3.0/liblto_plugin.so -plugin-opt=/opt/weintek-sdk/dunfell-20250307-git/sysroots/x86_64-weintek-linux/usr/libexec/aarch64-weintek-linux/gcc/aarch64-weintek-linux/9.3.0/lto-wrapper -plugin-opt=-fresolution=/tmp/cccRu8pA.res -plugin-opt=-pass-through=-lgcc_s -plugin-opt=-pass-through=-lgcc -plugin-opt=-pass-through=-lc -plugin-opt=-pass-through=-lgcc_s -plugin-opt=-pass-through=-lgcc --sysroot=/opt/weintek-sdk/dunfell-20250307-git/sysroots/aarch64-weintek-linux --build-id --eh-frame-hdr --hash-style=gnu -dynamic-linker /lib/ld-linux-aarch64.so.1 -X -EL -maarch64linux -pie -o cmTC_678c7 /opt/weintek-sdk/dunfell-20250307-git/sysroots/aarch64-weintek-linux/usr/lib/Scrt1.o /opt/weintek-sdk/dunfell-20250307-git/sysroots/aarch64-weintek-linux/usr/lib/crti.o /opt/weintek-sdk/dunfell-20250307-git/sysroots/aarch64-weintek-linux/usr/lib/aarch64-weintek-linux/9.3.0/crtbeginS.o -L/opt/weintek-sdk/dunfell-20250307-git/sysroots/x86_64-weintek-linux/usr/lib/aarch64-weintek-linux/gcc/aarch64-weintek-linux/9.3.0 -L/opt/weintek-sdk/dunfell-20250307-git/sysroots/aarch64-weintek-linux/lib -L/opt/weintek-sdk/dunfell-20250307-git/sysroots/aarch64-weintek-linux/usr/lib/aarch64-weintek-linux/9.3.0 -L/opt/weintek-sdk/dunfell-20250307-git/sysroots/aarch64-weintek-linux/usr/lib -O1 --hash-style=gnu --as-needed -z relro -z now CMakeFiles/cmTC_678c7.dir/CMakeCXXCompilerABI.cpp.o -lstdc++ -lm -lgcc_s -lgcc -lc -lgcc_s -lgcc /opt/weintek-sdk/dunfell-20250307-git/sysroots/aarch64-weintek-linux/usr/lib/aarch64-weintek-linux/9.3.0/crtendS.o /opt/weintek-sdk/dunfell-20250307-git/sysroots/aarch64-weintek-linux/usr/lib/crtn.o]
    arg [/opt/weintek-sdk/dunfell-20250307-git/sysroots/x86_64-weintek-linux/usr/libexec/aarch64-weintek-linux/gcc/aarch64-weintek-linux/9.3.0/collect2] ==> ignore
    arg [-plugin] ==> ignore
    arg [/opt/weintek-sdk/dunfell-20250307-git/sysroots/x86_64-weintek-linux/usr/libexec/aarch64-weintek-linux/gcc/aarch64-weintek-linux/9.3.0/liblto_plugin.so] ==> ignore
    arg [-plugin-opt=/opt/weintek-sdk/dunfell-20250307-git/sysroots/x86_64-weintek-linux/usr/libexec/aarch64-weintek-linux/gcc/aarch64-weintek-linux/9.3.0/lto-wrapper] ==> ignore
    arg [-plugin-opt=-fresolution=/tmp/cccRu8pA.res] ==> ignore
    arg [-plugin-opt=-pass-through=-lgcc_s] ==> ignore
    arg [-plugin-opt=-pass-through=-lgcc] ==> ignore
    arg [-plugin-opt=-pass-through=-lc] ==> ignore
    arg [-plugin-opt=-pass-through=-lgcc_s] ==> ignore
    arg [-plugin-opt=-pass-through=-lgcc] ==> ignore
    arg [--sysroot=/opt/weintek-sdk/dunfell-20250307-git/sysroots/aarch64-weintek-linux] ==> ignore
    arg [--build-id] ==> ignore
    arg [--eh-frame-hdr] ==> ignore
    arg [--hash-style=gnu] ==> ignore
    arg [-dynamic-linker] ==> ignore
    arg [/lib/ld-linux-aarch64.so.1] ==> ignore
    arg [-X] ==> ignore
    arg [-EL] ==> ignore
    arg [-maarch64linux] ==> ignore
    arg [-pie] ==> ignore
    arg [-o] ==> ignore
    arg [cmTC_678c7] ==> ignore
    arg [/opt/weintek-sdk/dunfell-20250307-git/sysroots/aarch64-weintek-linux/usr/lib/Scrt1.o] ==> obj [/opt/weintek-sdk/dunfell-20250307-git/sysroots/aarch64-weintek-linux/usr/lib/Scrt1.o]
    arg [/opt/weintek-sdk/dunfell-20250307-git/sysroots/aarch64-weintek-linux/usr/lib/crti.o] ==> obj [/opt/weintek-sdk/dunfell-20250307-git/sysroots/aarch64-weintek-linux/usr/lib/crti.o]
    arg [/opt/weintek-sdk/dunfell-20250307-git/sysroots/aarch64-weintek-linux/usr/lib/aarch64-weintek-linux/9.3.0/crtbeginS.o] ==> obj [/opt/weintek-sdk/dunfell-20250307-git/sysroots/aarch64-weintek-linux/usr/lib/aarch64-weintek-linux/9.3.0/crtbeginS.o]
    arg [-L/opt/weintek-sdk/dunfell-20250307-git/sysroots/x86_64-weintek-linux/usr/lib/aarch64-weintek-linux/gcc/aarch64-weintek-linux/9.3.0] ==> dir [/opt/weintek-sdk/dunfell-20250307-git/sysroots/x86_64-weintek-linux/usr/lib/aarch64-weintek-linux/gcc/aarch64-weintek-linux/9.3.0]
    arg [-L/opt/weintek-sdk/dunfell-20250307-git/sysroots/aarch64-weintek-linux/lib] ==> dir [/opt/weintek-sdk/dunfell-20250307-git/sysroots/aarch64-weintek-linux/lib]
    arg [-L/opt/weintek-sdk/dunfell-20250307-git/sysroots/aarch64-weintek-linux/usr/lib/aarch64-weintek-linux/9.3.0] ==> dir [/opt/weintek-sdk/dunfell-20250307-git/sysroots/aarch64-weintek-linux/usr/lib/aarch64-weintek-linux/9.3.0]
    arg [-L/opt/weintek-sdk/dunfell-20250307-git/sysroots/aarch64-weintek-linux/usr/lib] ==> dir [/opt/weintek-sdk/dunfell-20250307-git/sysroots/aarch64-weintek-linux/usr/lib]
    arg [-O1] ==> ignore
    arg [--hash-style=gnu] ==> ignore
    arg [--as-needed] ==> ignore
    arg [-zrelro] ==> ignore
    arg [-znow] ==> ignore
    arg [CMakeFiles/cmTC_678c7.dir/CMakeCXXCompilerABI.cpp.o] ==> ignore
    arg [-lstdc++] ==> lib [stdc++]
    arg [-lm] ==> lib [m]
    arg [-lgcc_s] ==> lib [gcc_s]
    arg [-lgcc] ==> lib [gcc]
    arg [-lc] ==> lib [c]
    arg [-lgcc_s] ==> lib [gcc_s]
    arg [-lgcc] ==> lib [gcc]
    arg [/opt/weintek-sdk/dunfell-20250307-git/sysroots/aarch64-weintek-linux/usr/lib/aarch64-weintek-linux/9.3.0/crtendS.o] ==> obj [/opt/weintek-sdk/dunfell-20250307-git/sysroots/aarch64-weintek-linux/usr/lib/aarch64-weintek-linux/9.3.0/crtendS.o]
    arg [/opt/weintek-sdk/dunfell-20250307-git/sysroots/aarch64-weintek-linux/usr/lib/crtn.o] ==> obj [/opt/weintek-sdk/dunfell-20250307-git/sysroots/aarch64-weintek-linux/usr/lib/crtn.o]
  collapse library dir [/opt/weintek-sdk/dunfell-20250307-git/sysroots/x86_64-weintek-linux/usr/lib/aarch64-weintek-linux/gcc/aarch64-weintek-linux/9.3.0] ==> [/opt/weintek-sdk/dunfell-20250307-git/sysroots/x86_64-weintek-linux/usr/lib/aarch64-weintek-linux/gcc/aarch64-weintek-linux/9.3.0]
  collapse library dir [/opt/weintek-sdk/dunfell-20250307-git/sysroots/aarch64-weintek-linux/lib] ==> [/opt/weintek-sdk/dunfell-20250307-git/sysroots/aarch64-weintek-linux/lib]
  collapse library dir [/opt/weintek-sdk/dunfell-20250307-git/sysroots/aarch64-weintek-linux/usr/lib/aarch64-weintek-linux/9.3.0] ==> [/opt/weintek-sdk/dunfell-20250307-git/sysroots/aarch64-weintek-linux/usr/lib/aarch64-weintek-linux/9.3.0]
  collapse library dir [/opt/weintek-sdk/dunfell-20250307-git/sysroots/aarch64-weintek-linux/usr/lib] ==> [/opt/weintek-sdk/dunfell-20250307-git/sysroots/aarch64-weintek-linux/usr/lib]
  implicit libs: [stdc++;m;gcc_s;gcc;c;gcc_s;gcc]
  implicit objs: [/opt/weintek-sdk/dunfell-20250307-git/sysroots/aarch64-weintek-linux/usr/lib/Scrt1.o;/opt/weintek-sdk/dunfell-20250307-git/sysroots/aarch64-weintek-linux/usr/lib/crti.o;/opt/weintek-sdk/dunfell-20250307-git/sysroots/aarch64-weintek-linux/usr/lib/aarch64-weintek-linux/9.3.0/crtbeginS.o;/opt/weintek-sdk/dunfell-20250307-git/sysroots/aarch64-weintek-linux/usr/lib/aarch64-weintek-linux/9.3.0/crtendS.o;/opt/weintek-sdk/dunfell-20250307-git/sysroots/aarch64-weintek-linux/usr/lib/crtn.o]
  implicit dirs: [/opt/weintek-sdk/dunfell-20250307-git/sysroots/x86_64-weintek-linux/usr/lib/aarch64-weintek-linux/gcc/aarch64-weintek-linux/9.3.0;/opt/weintek-sdk/dunfell-20250307-git/sysroots/aarch64-weintek-linux/lib;/opt/weintek-sdk/dunfell-20250307-git/sysroots/aarch64-weintek-linux/usr/lib/aarch64-weintek-linux/9.3.0;/opt/weintek-sdk/dunfell-20250307-git/sysroots/aarch64-weintek-linux/usr/lib]
  implicit fwks: []


